TN:
SF:script/DeployLaws.s.sol
DA:42,549
FN:42,DeployLaws.run
FNDA:549,DeployLaws.run
DA:43,549
DA:44,549
DA:47,549
DA:48,549
DA:49,549
DA:50,549
DA:53,549
DA:54,549
DA:55,549
DA:57,549
DA:58,549
DA:59,549
DA:61,549
DA:62,549
DA:63,549
DA:65,549
DA:66,549
DA:67,549
DA:69,549
DA:70,549
DA:71,549
DA:73,549
DA:74,549
DA:75,549
DA:78,549
DA:79,549
DA:80,549
DA:82,549
DA:83,549
DA:84,549
DA:86,549
DA:87,549
DA:88,549
DA:91,549
DA:92,549
DA:93,549
DA:95,549
DA:96,549
DA:97,549
DA:99,549
DA:100,549
DA:101,549
DA:103,549
DA:104,549
DA:105,549
DA:107,549
DA:108,549
DA:109,549
DA:111,549
DA:112,549
DA:113,549
DA:115,549
DA:116,549
DA:117,549
DA:119,549
DA:120,549
DA:121,549
DA:123,549
DA:124,549
DA:125,549
DA:127,549
DA:129,9882
DA:136,0
FN:136,DeployLaws.deployLaw
FNDA:0,DeployLaws.deployLaw
DA:137,9882
DA:138,9882
DA:140,9882
DA:146,9882
BRDA:146,0,0,9882
BRDA:146,0,1,9882
DA:147,9882
DA:148,9882
DA:149,9882
DA:151,9882
DA:154,0
FNF:2
FNH:1
LF:73
LH:71
BRF:2
BRH:2
end_of_record
TN:
SF:script/DeployMocks.s.sol
DA:36,549
FN:36,DeployMocks.run
FNDA:549,DeployMocks.run
DA:37,549
DA:38,549
DA:39,549
DA:41,549
DA:42,549
DA:43,549
DA:45,549
DA:46,549
DA:47,549
DA:49,549
DA:50,549
DA:51,549
DA:53,549
DA:54,549
DA:55,549
DA:57,549
DA:58,549
DA:61,549
DA:64,549
DA:65,549
DA:66,549
DA:68,549
DA:69,549
DA:70,549
DA:72,549
DA:73,549
DA:74,549
DA:76,549
DA:77,549
DA:78,549
DA:80,549
DA:81,549
DA:82,549
DA:84,549
DA:85,549
DA:86,549
DA:92,0
FN:92,DeployMocks.computeMockAddress
FNDA:0,DeployMocks.computeMockAddress
DA:93,549
DA:94,549
DA:98,0
FN:98,DeployMocks.deployMock
FNDA:0,DeployMocks.deployMock
DA:99,6039
DA:101,6039
DA:107,6039
BRDA:107,0,0,6039
BRDA:107,0,1,6039
DA:108,6039
DA:109,6039
DA:110,6039
DA:111,6039
DA:113,0
FNF:3
FNH:1
LF:49
LH:46
BRF:2
BRH:2
end_of_record
TN:
SF:script/HelperConfig.s.sol
DA:31,549
FN:31,HelperConfig.constructor
FNDA:549,HelperConfig.constructor
DA:32,549
DA:33,549
DA:34,549
DA:35,549
DA:36,549
DA:37,549
DA:40,549
FN:40,HelperConfig.getConfig
FNDA:549,HelperConfig.getConfig
DA:41,549
DA:44,0
FN:44,HelperConfig.getConfigByChainId
FNDA:0,HelperConfig.getConfigByChainId
DA:45,549
BRDA:45,0,0,549
BRDA:45,0,1,-
DA:46,549
DA:48,0
DA:52,549
FN:52,HelperConfig.getEthSepoliaConfig
FNDA:549,HelperConfig.getEthSepoliaConfig
DA:53,549
DA:54,549
DA:55,549
DA:57,549
DA:58,549
DA:59,549
DA:60,549
DA:61,549
DA:63,549
DA:66,549
FN:66,HelperConfig.getArbSepoliaConfig
FNDA:549,HelperConfig.getArbSepoliaConfig
DA:67,549
DA:68,549
DA:69,549
DA:71,549
DA:72,549
DA:73,549
DA:74,549
DA:75,549
DA:77,549
DA:80,549
FN:80,HelperConfig.getOptSepoliaConfig
FNDA:549,HelperConfig.getOptSepoliaConfig
DA:81,549
DA:82,549
DA:83,549
DA:85,549
DA:86,549
DA:87,549
DA:88,549
DA:89,549
DA:91,549
DA:94,549
FN:94,HelperConfig.getBaseSepoliaConfig
FNDA:549,HelperConfig.getBaseSepoliaConfig
DA:95,549
DA:96,549
DA:97,549
DA:99,549
DA:100,549
DA:101,549
DA:102,549
DA:103,549
DA:105,549
DA:108,549
FN:108,HelperConfig.getMantleSepoliaConfig
FNDA:549,HelperConfig.getMantleSepoliaConfig
DA:109,549
DA:110,549
DA:111,549
DA:113,549
DA:114,549
DA:115,549
DA:116,549
DA:117,549
DA:119,549
DA:122,549
FN:122,HelperConfig.getOrCreateAnvilEthConfig
FNDA:549,HelperConfig.getOrCreateAnvilEthConfig
DA:123,549
DA:124,549
DA:125,549
DA:127,549
FNF:9
FNH:8
LF:68
LH:66
BRF:2
BRH:1
end_of_record
TN:
SF:src/Law.sol
DA:57,7016
FN:57,Law.initializeLaw
FNDA:7016,Law.initializeLaw
DA:64,7016
DA:65,7016
DA:68,7003
DA:76,7003
DA:85,2878
FN:85,Law.executeLaw
FNDA:2878,Law.executeLaw
DA:90,2878
DA:91,2878
BRDA:91,0,0,1
DA:92,1
DA:96,2877
DA:101,2877
DA:103,2858
DA:105,2858
DA:107,2857
DA:120,0
FN:120,Law.handleRequest
FNDA:0,Law.handleRequest
DA:132,0
DA:135,2858
FN:135,Law._externalCall
FNDA:2858,Law._externalCall
DA:139,2858
FN:139,Law._replyPowers
FNDA:2858,Law._replyPowers
DA:143,2858
BRDA:143,1,0,2858
DA:144,2858
DA:151,1405
FN:151,Law.getNameDescription
FNDA:1405,Law.getNameDescription
DA:152,1405
DA:155,1118
FN:155,Law.getInputParams
FNDA:1118,Law.getInputParams
DA:156,1118
DA:159,1121
FN:159,Law.getConfig
FNDA:1121,Law.getConfig
DA:160,1121
DA:170,16878
FN:170,Law.supportsInterface
FNDA:16878,Law.supportsInterface
DA:171,16878
FNF:9
FNH:8
LF:28
LH:26
BRF:2
BRH:2
end_of_record
TN:
SF:src/LawUtilities.sol
DA:33,7022
FN:33,LawUtilities.checkStringLength
FNDA:7022,LawUtilities.checkStringLength
DA:34,7022
BRDA:34,0,0,14
DA:35,14
DA:37,7008
BRDA:37,1,0,3
DA:38,3
DA:47,2
FN:47,LawUtilities.nftCheck
FNDA:2,LawUtilities.nftCheck
DA:48,2
DA:49,2
BRDA:49,2,0,1
DA:50,1
DA:58,2
FN:58,LawUtilities.hasRoleCheck
FNDA:2,LawUtilities.hasRoleCheck
DA:59,2
DA:60,2
DA:61,2
BRDA:61,3,0,1
DA:62,1
DA:71,2
FN:71,LawUtilities.hasNotRoleCheck
FNDA:2,LawUtilities.hasNotRoleCheck
DA:72,2
DA:73,2
DA:74,2
BRDA:74,4,0,1
DA:75,1
DA:89,24641
FN:89,LawUtilities.hashActionId
FNDA:24641,LawUtilities.hashActionId
DA:94,24641
DA:102,35844
FN:102,LawUtilities.hashLaw
FNDA:35844,LawUtilities.hashLaw
DA:103,35844
DA:112,14146
FN:112,LawUtilities.createEmptyArrays
FNDA:14146,LawUtilities.createEmptyArrays
DA:117,14146
DA:118,14146
DA:119,14146
DA:127,0
FN:127,LawUtilities.arrayifyBools
FNDA:0,LawUtilities.arrayifyBools
DA:130,0
DA:131,0
DA:132,0
DA:133,0
DA:135,0
DA:136,0
DA:139,0
FNF:8
FNH:7
LF:35
LH:27
BRF:5
BRH:5
end_of_record
TN:
SF:src/Powers.sol
DA:76,1491
FN:76,Powers.onlyPowers
FNDA:1491,Powers.onlyPowers
DA:77,1491
BRDA:77,0,0,-
DA:82,2858
FN:82,Powers.onlyAdoptedLaw
FNDA:2858,Powers.onlyAdoptedLaw
DA:83,2858
BRDA:83,1,0,-
DA:96,556
FN:96,Powers.constructor
FNDA:556,Powers.constructor
DA:97,556
BRDA:97,2,0,-
DA:98,556
DA:99,556
DA:100,556
BRDA:100,3,0,-
DA:101,556
BRDA:101,4,0,-
DA:102,556
DA:103,556
DA:105,556
DA:107,556
DA:115,21
FN:115,Powers.receive
FNDA:21,Powers.receive
DA:116,21
BRDA:116,5,0,1
DA:117,20
DA:125,3394
FN:125,Powers.request
FNDA:3394,Powers.request
DA:132,3393
DA:133,3393
DA:136,3393
BRDA:136,6,0,-
DA:139,3393
BRDA:139,7,0,281
DA:142,3112
BRDA:142,8,0,1
DA:145,3111
BRDA:145,9,0,1
DA:148,3110
BRDA:148,10,0,1
DA:151,3109
DA:154,2877
DA:155,2877
DA:156,2877
DA:157,2877
DA:158,2877
DA:159,2877
DA:160,2877
DA:163,2877
DA:164,2857
BRDA:164,11,0,-
DA:167,2857
DA:169,2857
DA:173,2858
FN:173,Powers.fulfill
FNDA:2858,Powers.fulfill
DA:180,2858
DA:183,2858
BRDA:183,12,0,-
DA:186,2858
BRDA:186,13,0,-
DA:189,2858
BRDA:189,14,0,-
DA:192,2858
BRDA:192,15,0,-
DA:195,2858
BRDA:195,16,0,-
DA:198,2858
BRDA:198,17,0,-
DA:201,2858
DA:202,4571
BRDA:202,18,0,-
DA:203,4571
BRDA:203,19,0,-
DA:207,2858
DA:210,2858
DA:211,4571
DA:212,4571
DA:216,2857
DA:217,2857
DA:220,2857
DA:224,1184
FN:224,Powers.propose
FNDA:1184,Powers.propose
DA:230,1183
DA:233,1183
BRDA:233,20,0,-
DA:236,1183
BRDA:236,21,0,1
DA:239,1182
BRDA:239,22,0,-
DA:242,1182
BRDA:242,23,0,-
DA:245,1182
DA:247,1180
DA:255,1182
FN:255,Powers._propose
FNDA:1182,Powers._propose
DA:261,1182
DA:262,1182
DA:265,1182
BRDA:265,24,0,1
DA:268,1181
BRDA:268,25,0,1
DA:271,1180
DA:274,1180
DA:275,1180
DA:276,1180
DA:277,1180
DA:278,1180
DA:279,1180
DA:280,1180
DA:281,1180
DA:282,1180
DA:284,1180
DA:299,137
FN:299,Powers.cancel
FNDA:137,Powers.cancel
DA:305,136
DA:308,136
BRDA:308,26,0,1
DA:310,135
DA:316,135
FN:316,Powers._cancel
FNDA:135,Powers._cancel
DA:317,135
DA:320,135
BRDA:320,27,0,-
DA:323,135
BRDA:323,28,0,2
DA:326,133
DA:329,133
DA:331,133
DA:335,6413
FN:335,Powers.castVote
FNDA:6413,Powers.castVote
DA:336,6413
DA:340,268
FN:340,Powers.castVoteWithReason
FNDA:268,Powers.castVoteWithReason
DA:341,268
DA:348,6681
FN:348,Powers._castVote
FNDA:6681,Powers._castVote
DA:350,6681
BRDA:350,29,0,1
DA:351,1
DA:353,6680
DA:356,6680
DA:357,6680
BRDA:357,30,0,147
DA:359,0
BRDA:359,31,0,-
DA:362,6533
DA:364,6532
DA:371,553
FN:371,Powers.constitute
FNDA:553,Powers.constitute
DA:373,553
BRDA:373,32,0,1
DA:376,1
BRDA:376,33,0,1
DA:379,551
DA:382,551
DA:384,4477
BRDA:384,34,0,3928
DA:385,3928
DA:391,1418
FN:391,Powers.adoptLaw
FNDA:1418,Powers.adoptLaw
DA:392,1417
DA:394,0
DA:398,537
FN:398,Powers.revokeLaw
FNDA:537,Powers.revokeLaw
DA:399,537
BRDA:399,35,0,1
DA:401,536
DA:402,536
DA:410,5345
FN:410,Powers._adoptLaw
FNDA:5345,Powers._adoptLaw
DA:412,5345
BRDA:412,36,0,1
DA:413,1
DA:417,5344
BRDA:417,37,0,-
DA:420,5344
BRDA:420,38,0,-
DA:423,5344
DA:424,5344
DA:425,5344
DA:426,5344
DA:428,5344
DA:433,5329
DA:435,5329
DA:439,15128
FN:439,Powers.assignRole
FNDA:15128,Powers.assignRole
DA:440,15127
BRDA:440,39,0,-
DA:442,15127
DA:446,1491
FN:446,Powers.revokeRole
FNDA:1491,Powers.revokeRole
DA:447,1491
DA:451,321
FN:451,Powers.labelRole
FNDA:321,Powers.labelRole
DA:452,321
BRDA:452,40,0,1
DA:453,320
BRDA:453,41,0,8
DA:454,312
BRDA:454,42,0,-
DA:456,312
DA:457,312
DA:466,17174
FN:466,Powers._setRole
FNDA:17174,Powers._setRole
DA:468,17174
BRDA:468,43,0,-
DA:470,17174
BRDA:470,44,0,-
DA:472,17174
DA:474,17174
BRDA:474,45,0,14627
BRDA:474,45,1,1132
DA:475,14627
DA:476,14627
DA:478,2547
BRDA:478,46,0,1132
DA:479,1132
DA:480,1132
DA:481,1132
DA:484,1132
DA:485,1132
DA:488,1132
DA:489,1132
DA:493,17174
DA:497,1002
FN:497,Powers.blacklistAddress
FNDA:1002,Powers.blacklistAddress
DA:498,1002
DA:499,1002
DA:503,551
FN:503,Powers.setPayableEnabled
FNDA:551,Powers.setPayableEnabled
DA:504,551
DA:508,0
FN:508,Powers.setUri
FNDA:0,Powers.setUri
DA:509,0
DA:515,4846
FN:515,Powers._hashAction
FNDA:4846,Powers._hashAction
DA:521,4846
DA:528,1102
FN:528,Powers._quorumReached
FNDA:1102,Powers._quorumReached
DA:530,1102
DA:531,1102
DA:532,1102
DA:535,1102
DA:547,5969
FN:547,Powers._hasBeenRequested
FNDA:5969,Powers._hasBeenRequested
DA:548,5969
DA:549,5969
BRDA:549,47,0,2859
DA:550,2859
DA:552,3110
DA:558,776
FN:558,Powers._voteSucceeded
FNDA:776,Powers._voteSucceeded
DA:560,776
DA:561,776
DA:562,776
DA:565,776
DA:572,6533
FN:572,Powers._countVote
FNDA:6533,Powers._countVote
DA:573,6533
DA:576,6533
DA:579,6533
BRDA:579,48,0,2450
BRDA:579,48,1,1
DA:580,2450
DA:581,4083
BRDA:581,49,0,2511
BRDA:581,49,1,1
DA:582,2511
DA:583,1572
BRDA:583,50,0,1571
BRDA:583,50,1,1
DA:584,1571
DA:586,1
DA:596,1878
FN:596,Powers._countMembersRole
FNDA:1878,Powers._countMembersRole
DA:597,1878
DA:604,557
FN:604,Powers.version
FNDA:557,Powers.version
DA:605,557
DA:609,4601
FN:609,Powers.canCallLaw
FNDA:4601,Powers.canCallLaw
DA:610,15576
DA:611,15576
DA:613,15576
DA:617,54841
FN:617,Powers.hasRoleSince
FNDA:54841,Powers.hasRoleSince
DA:618,70417
DA:619,70417
BRDA:619,51,0,39887
DA:620,39887
DA:622,30530
DA:626,1366
FN:626,Powers.getAmountRoleHolders
FNDA:1366,Powers.getAmountRoleHolders
DA:627,1366
DA:630,1586
FN:630,Powers.getRoleHolders
FNDA:1586,Powers.getRoleHolders
DA:631,1586
DA:632,1586
BRDA:632,52,0,842
DA:633,842
DA:635,744
DA:636,1588
DA:638,0
DA:641,284
FN:641,Powers.getRoleLabel
FNDA:284,Powers.getRoleLabel
DA:642,284
DA:646,2291
FN:646,Powers.getActionState
FNDA:2291,Powers.getActionState
DA:648,14941
DA:650,14941
BRDA:650,53,0,3044
DA:651,3044
DA:653,11897
BRDA:653,54,0,868
DA:654,868
DA:656,11029
BRDA:656,55,0,132
DA:657,132
DA:659,10897
BRDA:659,56,0,2858
DA:660,2858
DA:663,8039
DA:665,8039
BRDA:665,57,0,6937
BRDA:665,57,1,593
DA:666,6937
DA:667,1102
BRDA:667,58,0,509
BRDA:667,58,1,593
DA:668,509
DA:670,593
DA:675,0
FN:675,Powers.getActionData
FNDA:0,Powers.getActionData
DA:689,0
DA:691,0
DA:702,274
FN:702,Powers.getActionVoteData
FNDA:274,Powers.getActionVoteData
DA:715,274
DA:717,274
DA:727,0
FN:727,Powers.getActionCalldata
FNDA:0,Powers.getActionCalldata
DA:728,0
DA:731,0
FN:731,Powers.getActionUri
FNDA:0,Powers.getActionUri
DA:732,0
DA:735,0
FN:735,Powers.getActionNonce
FNDA:0,Powers.getActionNonce
DA:736,0
DA:740,8
FN:740,Powers.getActionDeadline
FNDA:8,Powers.getActionDeadline
DA:742,8047
DA:746,5068
FN:746,Powers.hasVoted
FNDA:5068,Powers.hasVoted
DA:747,5068
DA:751,806
FN:751,Powers.getAdoptedLaw
FNDA:806,Powers.getAdoptedLaw
DA:752,806
DA:753,806
DA:754,806
DA:756,0
DA:759,9210
FN:759,Powers.getConditions
FNDA:9210,Powers.getConditions
DA:760,27846
DA:763,1002
FN:763,Powers.isBlacklisted
FNDA:1002,Powers.isBlacklisted
DA:764,30619
DA:771,2
FN:771,Powers.onERC721Received
FNDA:2,Powers.onERC721Received
DA:772,2
DA:776,3
FN:776,Powers.onERC1155Received
FNDA:3,Powers.onERC1155Received
DA:777,3
DA:781,1
FN:781,Powers.onERC1155BatchReceived
FNDA:1,Powers.onERC1155BatchReceived
DA:786,1
FNF:50
FNH:45
LF:261
LH:246
BRF:65
BRH:39
end_of_record
TN:
SF:src/PowersUtilities.sol
DA:37,1183
FN:37,PowersUtilities.checksAtPropose
FNDA:1183,PowersUtilities.checksAtPropose
DA:43,4294
DA:46,4294
BRDA:46,0,0,427
DA:48,427
DA:52,427
BRDA:52,1,0,142
DA:53,142
DA:58,4152
BRDA:58,2,0,223
DA:59,223
DA:62,223
BRDA:62,3,0,62
DA:63,62
DA:75,3111
FN:75,PowersUtilities.checksAtRequest
FNDA:3111,PowersUtilities.checksAtRequest
DA:82,3111
DA:84,2909
DA:86,2909
BRDA:86,4,0,-
DA:88,0
DA:89,0
BRDA:89,5,0,-
DA:90,0
DA:95,2909
BRDA:95,6,0,228
DA:96,228
DA:98,29
BRDA:98,7,0,29
DA:99,29
DA:104,2880
BRDA:104,8,0,6
DA:105,6
DA:108,6
BRDA:108,9,0,1
DA:109,1
DA:123,1
FN:123,PowersUtilities.hashActionId
FNDA:1,PowersUtilities.hashActionId
DA:128,885
DA:131,2
FN:131,PowersUtilities.getConditions
FNDA:2,PowersUtilities.getConditions
DA:132,7205
FNF:4
FNH:4
LF:29
LH:26
BRF:10
BRH:8
end_of_record
TN:
SF:src/laws/electoral/BuyAccess.sol
DA:58,553
FN:58,BuyAccess.constructor
FNDA:553,BuyAccess.constructor
DA:59,553
DA:60,553
DA:63,82
FN:63,BuyAccess.initializeLaw
FNDA:82,BuyAccess.initializeLaw
DA:69,82
DA:70,82
DA:73,82
BRDA:73,0,0,1
DA:74,1
DA:76,81
BRDA:76,1,0,1
DA:77,1
DA:80,80
DA:81,80
DA:82,80
DA:85,80
DA:86,158
DA:92,80
DA:94,80
DA:106,843
FN:106,BuyAccess.handleRequest
FNDA:843,BuyAccess.handleRequest
DA:124,848
DA:125,848
DA:126,848
DA:129,848
DA:130,848
DA:131,848
DA:134,848
DA:137,848
DA:139,0
BRDA:139,2,0,-
BRDA:139,2,1,848
DA:141,0
DA:142,0
DA:143,0
DA:150,848
DA:151,848
DA:152,848
DA:159,848
DA:168,848
FN:168,BuyAccess._checkDonationAccess
FNDA:848,BuyAccess._checkDonationAccess
DA:175,848
DA:177,848
BRDA:177,3,0,846
DA:178,846
DA:182,2
DA:183,2
DA:186,2
DA:189,2
BRDA:189,4,0,2
DA:190,2
DA:194,0
DA:196,0
BRDA:196,5,0,-
DA:197,0
DA:201,0
DA:204,0
DA:211,2
FN:211,BuyAccess._findTokenConfig
FNDA:2,BuyAccess._findTokenConfig
DA:215,2
DA:216,4
BRDA:216,6,0,-
DA:217,0
DA:221,2
DA:224,1
FN:224,BuyAccess.getData
FNDA:1,BuyAccess.getData
DA:225,1
FNF:6
FNH:6
LF:55
LH:45
BRF:8
BRH:5
end_of_record
TN:
SF:src/laws/electoral/ElectionSelect.sol
DA:42,553
FN:42,ElectionSelect.constructor
FNDA:553,ElectionSelect.constructor
DA:43,553
DA:44,553
DA:47,79
FN:47,ElectionSelect.initializeLaw
FNDA:79,ElectionSelect.initializeLaw
DA:53,79
DA:54,79
DA:56,79
DA:58,79
DA:66,79
DA:68,79
DA:73,840
FN:73,ElectionSelect.handleRequest
FNDA:840,ElectionSelect.handleRequest
DA:84,1123
DA:85,1123
DA:87,1123
DA:90,1123
DA:93,1123
DA:96,1123
DA:97,1123
DA:98,1123
DA:100,1123
DA:101,1123
DA:102,1582
DA:108,1123
DA:110,1123
BRDA:110,0,0,561
DA:112,561
DA:113,561
DA:116,562
DA:118,562
DA:121,562
DA:122,1124
DA:123,1124
DA:128,1124
DA:132,562
DA:133,1582
DA:134,1582
DA:139,1582
DA:142,562
DA:146,1
FN:146,ElectionSelect.getData
FNDA:1,ElectionSelect.getData
DA:147,1
FNF:4
FNH:4
LF:39
LH:39
BRF:1
BRH:1
end_of_record
TN:
SF:src/laws/electoral/NStrikesRevokesRoles.sol
DA:51,553
FN:51,NStrikesRevokesRoles.constructor
FNDA:553,NStrikesRevokesRoles.constructor
DA:52,553
DA:53,553
DA:56,76
FN:56,NStrikesRevokesRoles.initializeLaw
FNDA:76,NStrikesRevokesRoles.initializeLaw
DA:62,76
DA:63,76
DA:66,76
DA:67,76
DA:68,76
DA:69,76
DA:72,76
DA:73,76
DA:76,562
FN:76,NStrikesRevokesRoles.handleRequest
FNDA:562,NStrikesRevokesRoles.handleRequest
DA:88,564
DA:89,564
DA:90,564
DA:93,564
DA:96,564
BRDA:96,0,0,101
DA:97,101
DA:101,463
DA:104,463
DA:106,463
DA:107,464
DA:108,464
DA:111,463
DA:114,1
FN:114,NStrikesRevokesRoles.getData
FNDA:1,NStrikesRevokesRoles.getData
DA:115,1
DA:121,0
FN:121,NStrikesRevokesRoles.shouldRevokeRole
FNDA:0,NStrikesRevokesRoles.shouldRevokeRole
DA:122,0
DA:123,0
FNF:5
FNH:4
LF:30
LH:27
BRF:1
BRH:1
end_of_record
TN:
SF:src/laws/electoral/PeerSelect.sol
DA:55,553
FN:55,PeerSelect.constructor
FNDA:553,PeerSelect.constructor
DA:56,553
DA:57,553
DA:60,78
FN:60,PeerSelect.initializeLaw
FNDA:78,PeerSelect.initializeLaw
DA:66,78
DA:67,78
DA:70,78
DA:73,78
DA:74,78
DA:75,78
DA:76,78
DA:77,78
DA:80,78
DA:81,78
DA:82,2
DA:84,78
DA:86,78
DA:89,840
FN:89,PeerSelect.handleRequest
FNDA:840,PeerSelect.handleRequest
DA:101,845
DA:102,845
DA:105,845
DA:106,845
DA:109,845
DA:112,845
BRDA:112,0,0,1
DA:113,1
DA:117,844
DA:118,844
DA:119,844
DA:120,845
BRDA:120,1,0,845
DA:121,845
DA:122,845
DA:127,844
BRDA:127,2,0,1
DA:128,1
DA:130,843
BRDA:130,3,0,1
DA:131,1
DA:135,842
DA:136,842
DA:137,842
DA:140,842
DA:141,843
DA:142,843
DA:143,843
DA:145,841
BRDA:145,4,0,841
BRDA:145,4,1,2
DA:146,841
DA:148,2
DA:153,842
BRDA:153,5,0,841
DA:154,841
DA:155,841
BRDA:155,6,0,-
DA:156,0
DA:161,842
DA:163,842
DA:164,843
DA:165,843
DA:167,841
BRDA:167,7,0,841
BRDA:167,7,1,2
DA:168,841
DA:170,2
DA:174,842
DA:177,2
FN:177,PeerSelect.getData
FNDA:2,PeerSelect.getData
DA:178,2
FNF:4
FNH:4
LF:59
LH:58
BRF:10
BRH:9
end_of_record
TN:
SF:src/laws/electoral/RenounceRole.sol
DA:39,553
FN:39,RenounceRole.constructor
FNDA:553,RenounceRole.constructor
DA:40,553
DA:41,553
DA:44,76
FN:44,RenounceRole.initializeLaw
FNDA:76,RenounceRole.initializeLaw
DA:50,76
DA:51,76
DA:53,76
DA:54,76
DA:57,562
FN:57,RenounceRole.handleRequest
FNDA:562,RenounceRole.handleRequest
DA:70,565
DA:71,565
DA:74,565
BRDA:74,0,0,1
DA:75,1
DA:79,564
DA:80,564
DA:81,815
BRDA:81,1,0,340
DA:82,340
DA:83,340
DA:86,564
BRDA:86,2,0,224
DA:87,224
DA:91,340
DA:92,340
DA:93,340
DA:94,340
DA:96,340
DA:99,1
FN:99,RenounceRole.getAllowedRoleIds
FNDA:1,RenounceRole.getAllowedRoleIds
DA:100,1
FNF:4
FNH:4
LF:27
LH:27
BRF:3
BRH:3
end_of_record
TN:
SF:src/laws/electoral/RoleByRoles.sol
DA:38,553
FN:38,RoleByRoles.constructor
FNDA:553,RoleByRoles.constructor
DA:39,553
DA:40,553
DA:43,76
FN:43,RoleByRoles.initializeLaw
FNDA:76,RoleByRoles.initializeLaw
DA:49,76
DA:50,76
DA:51,76
DA:56,76
DA:58,76
DA:61,1783
FN:61,RoleByRoles.handleRequest
FNDA:1783,RoleByRoles.handleRequest
DA:74,1785
DA:75,1785
DA:76,1785
DA:79,1785
DA:80,1785
DA:81,1785
DA:82,1926
BRDA:82,0,0,1713
DA:83,1713
DA:84,1713
DA:87,1785
DA:90,1785
DA:93,1785
BRDA:93,1,0,1713
DA:94,1713
DA:95,1713
DA:96,1713
DA:98,1785
BRDA:98,2,0,1
DA:99,1
DA:100,1
DA:101,1
DA:104,1785
DA:107,1
FN:107,RoleByRoles.getData
FNDA:1,RoleByRoles.getData
DA:108,1
FNF:4
FNH:4
LF:32
LH:32
BRF:3
BRH:3
end_of_record
TN:
SF:src/laws/electoral/SelfSelect.sol
DA:39,553
FN:39,SelfSelect.constructor
FNDA:553,SelfSelect.constructor
DA:40,553
DA:41,553
DA:44,79
FN:44,SelfSelect.initializeLaw
FNDA:79,SelfSelect.initializeLaw
DA:50,79
DA:51,79
DA:53,79
DA:54,79
DA:57,1684
FN:57,SelfSelect.handleRequest
FNDA:1684,SelfSelect.handleRequest
DA:68,1687
DA:69,1687
DA:70,1687
DA:72,1687
BRDA:72,0,0,1
DA:73,1
DA:76,1686
DA:77,1686
DA:79,1686
FNF:3
FNH:3
LF:17
LH:17
BRF:1
BRH:1
end_of_record
TN:
SF:src/laws/electoral/TaxSelect.sol
DA:61,553
FN:61,TaxSelect.constructor
FNDA:553,TaxSelect.constructor
DA:62,553
DA:63,553
DA:64,553
DA:71,76
FN:71,TaxSelect.initializeLaw
FNDA:76,TaxSelect.initializeLaw
DA:77,76
DA:78,76
DA:79,76
DA:80,76
DA:81,76
DA:82,76
DA:84,76
DA:86,76
DA:99,562
FN:99,TaxSelect.handleRequest
FNDA:562,TaxSelect.handleRequest
DA:111,564
DA:112,564
DA:114,564
DA:115,564
DA:118,564
DA:119,564
DA:121,564
BRDA:121,0,0,1
DA:122,1
DA:126,563
DA:128,563
DA:133,563
DA:134,563
DA:137,563
BRDA:137,1,0,-
BRDA:137,1,1,146
DA:139,0
DA:140,563
BRDA:140,2,0,146
DA:142,146
DA:146,563
DA:149,282
FN:149,TaxSelect.getData
FNDA:282,TaxSelect.getData
DA:150,282
FNF:4
FNH:4
LF:33
LH:32
BRF:4
BRH:3
end_of_record
TN:
SF:src/laws/electoral/VoteInOpenElection.sol
DA:51,553
FN:51,VoteInOpenElection.constructor
FNDA:553,VoteInOpenElection.constructor
DA:52,553
DA:53,553
DA:56,911
FN:56,VoteInOpenElection.initializeLaw
FNDA:911,VoteInOpenElection.initializeLaw
DA:62,911
DA:63,911
DA:66,911
DA:69,911
DA:70,911
DA:71,911
DA:72,911
DA:73,911
DA:76,911
DA:77,911
DA:78,27135
DA:80,911
DA:82,911
DA:85,838
FN:85,VoteInOpenElection.handleRequest
FNDA:838,VoteInOpenElection.handleRequest
DA:97,1115
DA:98,1115
DA:101,1115
DA:102,1115
DA:105,1115
BRDA:105,0,0,281
DA:106,281
DA:110,834
BRDA:110,1,0,1
DA:111,1
DA:115,833
DA:116,833
DA:117,1319
BRDA:117,2,0,1319
DA:118,1319
DA:119,1319
BRDA:119,3,0,1
DA:120,1
DA:126,832
DA:127,832
DA:128,832
DA:130,832
DA:133,1
FN:133,VoteInOpenElection.getData
FNDA:1,VoteInOpenElection.getData
DA:134,1
FNF:4
FNH:4
LF:38
LH:38
BRF:4
BRH:4
end_of_record
TN:
SF:src/laws/executive/AdoptLaws.sol
DA:35,549
FN:35,AdoptLaws.constructor
FNDA:549,AdoptLaws.constructor
DA:36,549
DA:37,549
DA:40,45
FN:40,AdoptLaws.initializeLaw
FNDA:45,AdoptLaws.initializeLaw
DA:48,45
DA:49,45
DA:50,45
DA:53,45
DA:54,45
DA:59,1122
FN:59,AdoptLaws.handleRequest
FNDA:1122,AdoptLaws.handleRequest
DA:70,1123
DA:72,1123
DA:75,1123
DA:76,1123
DA:77,1123
DA:78,1123
DA:79,1123
DA:80,1123
DA:82,1123
DA:85,283
FN:85,AdoptLaws.getData
FNDA:283,AdoptLaws.getData
DA:86,283
FNF:4
FNH:4
LF:21
LH:21
BRF:0
BRH:0
end_of_record
TN:
SF:src/laws/executive/GovernorCreateProposal.sol
DA:33,549
FN:33,GovernorCreateProposal.constructor
FNDA:549,GovernorCreateProposal.constructor
DA:34,549
DA:35,549
DA:38,360
FN:38,GovernorCreateProposal.initializeLaw
FNDA:360,GovernorCreateProposal.initializeLaw
DA:44,360
DA:45,360
DA:47,360
DA:50,360
DA:51,360
DA:56,1681
FN:56,GovernorCreateProposal.handleRequest
FNDA:1681,GovernorCreateProposal.handleRequest
DA:67,1689
DA:68,1689
DA:71,1689
DA:72,1689
BRDA:72,0,0,-
DA:75,1689
DA:76,1689
DA:79,1689
BRDA:79,1,0,282
DA:80,1407
BRDA:80,2,0,266
DA:81,1141
BRDA:81,3,0,15
DA:82,1126
BRDA:82,4,0,282
DA:85,844
DA:86,844
DA:87,844
DA:91,844
FNF:3
FNH:3
LF:24
LH:24
BRF:5
BRH:4
end_of_record
TN:
SF:src/laws/executive/GovernorExecuteProposal.sol
DA:34,549
FN:34,GovernorExecuteProposal.constructor
FNDA:549,GovernorExecuteProposal.constructor
DA:35,549
DA:36,549
DA:39,44
FN:39,GovernorExecuteProposal.initializeLaw
FNDA:44,GovernorExecuteProposal.initializeLaw
DA:45,44
DA:46,44
DA:48,44
DA:51,44
DA:52,44
DA:57,1120
FN:57,GovernorExecuteProposal.handleRequest
FNDA:1120,GovernorExecuteProposal.handleRequest
DA:68,1125
DA:69,1125
DA:72,1125
DA:73,1125
BRDA:73,0,0,-
DA:76,1125
DA:77,1125
DA:80,1125
BRDA:80,1,0,281
DA:81,844
BRDA:81,2,0,1
DA:82,843
BRDA:82,3,0,-
DA:83,843
BRDA:83,4,0,282
DA:86,561
DA:91,561
BRDA:91,5,0,-
DA:94,561
DA:95,1
BRDA:95,6,0,-
DA:96,0
DA:100,1
FNF:3
FNH:3
LF:26
LH:25
BRF:7
BRH:3
end_of_record
TN:
SF:src/laws/multi/BespokeActionAdvanced.sol
DA:39,549
FN:39,BespokeActionAdvanced.constructor
FNDA:549,BespokeActionAdvanced.constructor
DA:40,549
DA:41,549
DA:44,373
FN:44,BespokeActionAdvanced.initializeLaw
FNDA:373,BespokeActionAdvanced.initializeLaw
DA:50,373
DA:51,373
DA:52,373
DA:54,373
DA:55,373
DA:57,373
DA:62,282
FN:62,BespokeActionAdvanced.handleRequest
FNDA:282,BespokeActionAdvanced.handleRequest
DA:73,286
DA:74,286
DA:77,286
DA:78,286
DA:79,286
DA:81,286
DA:87,286
FN:87,BespokeActionAdvanced._buildCalldata
FNDA:286,BespokeActionAdvanced._buildCalldata
DA:88,286
DA:92,286
DA:94,286
BRDA:94,0,0,-
DA:95,286
DA:103,286
DA:104,286
DA:106,286
DA:107,286
BRDA:107,1,0,-
DA:108,0
DA:112,286
DA:116,286
DA:117,286
BRDA:117,2,0,286
DA:118,286
DA:122,286
FNF:4
FNH:4
LF:32
LH:31
BRF:3
BRH:1
end_of_record
TN:
SF:src/laws/multi/BespokeActionSimple.sol
DA:34,549
FN:34,BespokeActionSimple.constructor
FNDA:549,BespokeActionSimple.constructor
DA:35,549
DA:36,549
DA:39,376
FN:39,BespokeActionSimple.initializeLaw
FNDA:376,BespokeActionSimple.initializeLaw
DA:45,376
DA:46,376
DA:47,376
DA:49,376
DA:50,376
DA:51,376
DA:53,376
DA:58,562
FN:58,BespokeActionSimple.handleRequest
FNDA:562,BespokeActionSimple.handleRequest
DA:69,2560
DA:70,2560
DA:73,2560
DA:74,2560
DA:75,2560
DA:77,2560
FNF:3
FNH:3
LF:18
LH:18
BRF:0
BRH:0
end_of_record
TN:
SF:src/laws/multi/OpenAction.sol
DA:36,584
FN:36,OpenAction.constructor
FNDA:584,OpenAction.constructor
DA:37,584
DA:40,942
FN:40,OpenAction.initializeLaw
FNDA:942,OpenAction.initializeLaw
DA:47,942
DA:48,942
DA:53,2807
FN:53,OpenAction.handleRequest
FNDA:2807,OpenAction.handleRequest
DA:64,2867
DA:66,2867
DA:67,0
FNF:3
FNH:3
LF:9
LH:8
BRF:0
BRH:0
end_of_record
TN:
SF:src/laws/multi/PresetMultipleActions.sol
DA:41,549
FN:41,PresetMultipleActions.constructor
FNDA:549,PresetMultipleActions.constructor
DA:42,549
DA:43,549
DA:46,57
FN:46,PresetMultipleActions.initializeLaw
FNDA:57,PresetMultipleActions.initializeLaw
DA:52,57
DA:57,57
DA:59,57
DA:60,57
DA:62,57
DA:64,57
DA:65,114
DA:68,57
DA:70,57
DA:74,844
FN:74,PresetMultipleActions.handleRequest
FNDA:844,PresetMultipleActions.handleRequest
DA:85,848
DA:86,848
DA:88,848
DA:89,848
DA:90,848
DA:91,847
BRDA:91,0,0,847
DA:92,847
DA:95,848
BRDA:95,1,0,344
DA:96,344
DA:97,344
DA:100,504
DA:101,504
DA:102,504
DA:103,847
BRDA:103,2,0,847
DA:104,847
DA:105,847
DA:106,847
DA:107,847
DA:111,504
DA:114,845
FN:114,PresetMultipleActions.getData
FNDA:845,PresetMultipleActions.getData
DA:115,845
FNF:4
FNH:4
LF:35
LH:35
BRF:3
BRH:3
end_of_record
TN:
SF:src/laws/multi/PresetSingleAction.sol
DA:38,549
FN:38,PresetSingleAction.constructor
FNDA:549,PresetSingleAction.constructor
DA:39,549
DA:40,549
DA:43,823
FN:43,PresetSingleAction.initializeLaw
FNDA:823,PresetSingleAction.initializeLaw
DA:49,823
DA:50,823
DA:52,823
DA:53,823
DA:55,823
DA:59,1682
FN:59,PresetSingleAction.handleRequest
FNDA:1682,PresetSingleAction.handleRequest
DA:70,1687
DA:71,1687
DA:73,1687
DA:76,283
FN:76,PresetSingleAction.getData
FNDA:283,PresetSingleAction.getData
DA:77,283
FNF:4
FNH:4
LF:15
LH:15
BRF:0
BRH:0
end_of_record
TN:
SF:src/laws/multi/StatementOfIntent.sol
DA:30,549
FN:30,StatementOfIntent.constructor
FNDA:549,StatementOfIntent.constructor
DA:33,549
DA:34,549
DA:37,2465
FN:37,StatementOfIntent.initializeLaw
FNDA:2465,StatementOfIntent.initializeLaw
DA:44,2465
DA:45,2465
DA:49,3369
FN:49,StatementOfIntent.handleRequest
FNDA:3369,StatementOfIntent.handleRequest
DA:60,3579
DA:61,3579
DA:62,0
FNF:3
FNH:3
LF:10
LH:9
BRF:0
BRH:0
end_of_record
TN:
SF:test/TestConstitutions.sol
DA:53,316
FN:53,TestConstitutions.powersTestConstitution
FNDA:316,TestConstitutions.powersTestConstitution
DA:60,316
DA:63,316
DA:64,316
DA:65,316
DA:66,316
DA:67,316
DA:72,316
DA:73,316
DA:74,316
DA:75,316
DA:76,316
DA:77,316
DA:79,316
DA:80,316
DA:92,316
DA:94,316
DA:95,316
DA:97,316
DA:98,316
DA:108,316
DA:111,316
DA:112,316
DA:122,316
DA:125,316
DA:126,316
DA:127,316
DA:128,316
DA:130,316
DA:131,316
DA:132,316
DA:133,316
DA:134,316
DA:135,316
DA:141,316
DA:143,316
DA:144,316
DA:145,316
DA:151,316
DA:153,316
DA:154,316
DA:155,316
DA:156,316
DA:162,316
DA:166,316
DA:167,316
DA:168,316
DA:169,316
DA:170,948
DA:172,316
DA:173,316
DA:174,316
DA:177,316
DA:178,316
DA:184,316
DA:190,54
FN:190,TestConstitutions.lawTestConstitution
FNDA:54,TestConstitutions.lawTestConstitution
DA:197,54
DA:200,54
DA:201,54
DA:202,54
DA:203,54
DA:204,54
DA:205,54
DA:208,54
DA:209,54
DA:210,54
DA:211,54
DA:213,54
DA:219,54
DA:222,54
DA:223,54
DA:225,54
DA:231,54
DA:234,54
DA:235,54
DA:237,54
DA:243,54
DA:246,54
DA:247,54
DA:248,54
DA:249,54
DA:250,54
DA:252,54
DA:258,54
DA:261,54
DA:262,54
DA:264,54
DA:270,54
DA:274,54
DA:275,54
DA:276,54
DA:277,54
DA:278,162
DA:280,54
DA:281,54
DA:282,54
DA:285,54
DA:286,54
DA:292,54
DA:298,75
FN:298,TestConstitutions.electoralTestConstitution
FNDA:75,TestConstitutions.electoralTestConstitution
DA:305,75
DA:308,75
DA:309,75
DA:319,75
DA:322,75
DA:323,75
DA:334,75
DA:337,75
DA:338,75
DA:344,75
DA:347,75
DA:348,75
DA:358,75
DA:361,75
DA:362,75
DA:363,75
DA:364,75
DA:365,75
DA:366,75
DA:368,75
DA:369,75
DA:380,75
DA:383,75
DA:384,75
DA:390,75
DA:393,75
DA:394,75
DA:395,75
DA:396,75
DA:397,75
DA:403,75
DA:405,75
DA:406,75
DA:416,75
DA:419,75
DA:420,75
DA:421,75
DA:422,75
DA:423,75
DA:432,75
DA:436,75
DA:437,75
DA:438,75
DA:439,75
DA:440,225
DA:442,75
DA:443,75
DA:444,75
DA:447,75
DA:448,75
DA:454,75
DA:460,44
FN:460,TestConstitutions.executiveTestConstitution
FNDA:44,TestConstitutions.executiveTestConstitution
DA:467,44
DA:470,44
DA:471,44
DA:477,44
DA:480,44
DA:481,44
DA:487,44
DA:490,44
DA:491,44
DA:497,44
DA:500,44
DA:501,44
DA:504,44
DA:524,44
DA:525,44
DA:527,44
DA:528,44
DA:534,44
DA:538,44
DA:539,44
DA:540,44
DA:541,44
DA:542,132
DA:544,44
DA:545,44
DA:546,44
DA:549,44
DA:550,44
DA:556,44
DA:562,57
FN:562,TestConstitutions.multiTestConstitution
FNDA:57,TestConstitutions.multiTestConstitution
DA:569,57
DA:572,57
DA:573,57
DA:579,57
DA:582,57
DA:583,57
DA:589,57
DA:592,57
DA:593,57
DA:594,57
DA:595,57
DA:605,57
DA:608,57
DA:609,57
DA:610,57
DA:611,57
DA:612,57
DA:613,57
DA:615,57
DA:616,57
DA:628,57
DA:631,57
DA:632,57
DA:633,57
DA:635,57
DA:636,57
DA:637,57
DA:638,57
DA:639,57
DA:640,57
DA:642,57
DA:643,57
DA:649,57
DA:652,57
DA:653,57
DA:654,57
DA:656,57
DA:657,57
DA:663,57
DA:667,57
DA:668,57
DA:669,57
DA:670,57
DA:671,171
DA:673,57
DA:674,57
DA:675,57
DA:678,57
DA:679,57
DA:685,57
DA:692,3
FN:692,TestConstitutions.powers101Constitution
FNDA:3,TestConstitutions.powers101Constitution
DA:699,3
DA:701,3
DA:702,3
DA:710,3
DA:712,3
DA:713,3
DA:715,3
DA:716,3
DA:726,3
DA:729,3
DA:730,3
DA:740,3
DA:743,3
DA:744,3
DA:745,3
DA:746,3
DA:748,3
DA:749,3
DA:750,3
DA:751,3
DA:752,3
DA:758,3
DA:760,3
DA:761,3
DA:762,3
DA:768,3
DA:770,3
DA:771,3
DA:772,3
DA:773,3
DA:774,3
DA:775,3
DA:776,3
DA:782,3
DA:786,3
DA:787,3
DA:788,3
DA:789,3
DA:790,9
DA:792,3
DA:793,3
DA:794,3
DA:797,3
DA:798,3
DA:804,3
FNF:6
FNH:6
LF:278
LH:278
BRF:0
BRH:0
end_of_record
TN:
SF:test/TestSetup.t.sol
DA:268,549
FN:268,BaseSetup.setUp
FNDA:549,BaseSetup.setUp
DA:269,549
DA:270,549
DA:274,549
FN:274,BaseSetup.setUpVariables
FNDA:549,BaseSetup.setUpVariables
DA:276,549
DA:277,549
DA:278,549
DA:281,549
DA:282,549
DA:283,549
DA:284,549
DA:285,549
DA:286,549
DA:288,549
DA:289,549
DA:290,549
DA:293,549
DA:294,549
DA:295,549
DA:296,549
DA:297,549
DA:298,549
DA:299,549
DA:300,549
DA:301,549
DA:302,549
DA:303,549
DA:304,549
DA:305,549
DA:308,549
DA:309,549
DA:310,549
DA:311,549
DA:312,549
DA:313,549
DA:314,549
DA:315,549
DA:316,549
DA:317,549
DA:318,549
DA:319,549
DA:320,549
DA:322,549
DA:325,549
DA:328,549
DA:329,549
DA:330,549
DA:331,549
DA:334,549
DA:335,549
DA:336,549
DA:337,549
DA:338,549
DA:339,549
DA:340,549
DA:341,549
DA:342,549
DA:343,549
DA:346,549
DA:355,0
FN:355,TestSetupPowers.setUpVariables
FNDA:0,TestSetupPowers.setUpVariables
DA:356,316
DA:359,316
DA:364,316
DA:366,316
DA:367,316
DA:368,316
DA:369,316
DA:370,316
DA:371,316
DA:372,316
DA:373,316
DA:378,0
FN:378,TestSetupLaw.setUpVariables
FNDA:0,TestSetupLaw.setUpVariables
DA:379,54
DA:382,54
DA:387,54
DA:389,54
DA:390,54
DA:391,54
DA:392,54
DA:393,54
DA:394,54
DA:395,54
DA:400,0
FN:400,TestSetupElectoral.setUpVariables
FNDA:0,TestSetupElectoral.setUpVariables
DA:401,75
DA:404,75
DA:409,75
DA:411,75
DA:412,75
DA:413,75
DA:414,75
DA:415,75
DA:416,75
DA:417,75
DA:422,0
FN:422,TestSetupExecutive.setUpVariables
FNDA:0,TestSetupExecutive.setUpVariables
DA:423,44
DA:426,44
DA:431,44
DA:433,44
DA:434,44
DA:435,44
DA:436,44
DA:437,44
DA:438,44
DA:439,44
DA:444,0
FN:444,TestSetupMulti.setUpVariables
FNDA:0,TestSetupMulti.setUpVariables
DA:445,57
DA:448,57
DA:453,57
DA:455,57
DA:456,57
DA:457,57
DA:458,57
DA:459,57
DA:460,57
DA:461,57
DA:500,0
FN:500,TestSetupPowers101.setUpVariables
FNDA:0,TestSetupPowers101.setUpVariables
DA:501,3
DA:504,3
DA:509,3
DA:511,3
DA:512,3
DA:513,3
DA:514,3
DA:515,3
DA:516,3
DA:517,3
DA:518,3
DA:519,3
DA:520,3
DA:521,3
DA:522,3
FNF:8
FNH:2
LF:131
LH:125
BRF:0
BRH:0
end_of_record
TN:
SF:test/mocks/Donations.sol
DA:45,21
FN:45,Donations.receive
FNDA:21,Donations.receive
DA:46,21
BRDA:46,0,0,3
DA:47,18
BRDA:47,1,0,1
DA:50,17
DA:51,17
DA:52,17
DA:54,17
DA:55,17
BRDA:55,2,0,-
DA:58,17
DA:60,17
DA:66,28
FN:66,Donations.setWhitelistedToken
FNDA:28,Donations.setWhitelistedToken
DA:67,27
DA:68,27
DA:74,16
FN:74,Donations.donateToken
FNDA:16,Donations.donateToken
DA:75,16
BRDA:75,3,0,1
DA:76,15
BRDA:76,4,0,1
DA:77,14
BRDA:77,5,0,1
DA:80,13
DA:83,13
DA:91,30
FN:91,Donations._recordDonation
FNDA:30,Donations._recordDonation
DA:92,30
DA:99,30
DA:100,30
DA:102,30
DA:107,1
FN:107,Donations.getAllDonations
FNDA:1,Donations.getAllDonations
DA:108,1
DA:114,856
FN:114,Donations.getDonorDonations
FNDA:856,Donations.getDonorDonations
DA:115,856
DA:121,7
FN:121,Donations.getDonation
FNDA:7,Donations.getDonation
DA:122,7
BRDA:122,6,0,2
DA:123,5
DA:128,7
FN:128,Donations.getTotalDonations
FNDA:7,Donations.getTotalDonations
DA:129,7
DA:136,5
FN:136,Donations.getDonationsRange
FNDA:5,Donations.getDonationsRange
DA:141,5
BRDA:141,7,0,1
DA:142,4
BRDA:142,8,0,2
DA:143,2
BRDA:143,9,0,1
DA:145,1
DA:146,1
DA:147,3
DA:149,1
DA:155,5
FN:155,Donations.getTotalDonatedForToken
FNDA:5,Donations.getTotalDonatedForToken
DA:156,5
DA:157,5
DA:158,20
BRDA:158,10,0,8
DA:159,8
DA:162,5
DA:168,3
FN:168,Donations.isTokenWhitelisted
FNDA:3,Donations.isTokenWhitelisted
DA:169,3
DA:174,3
FN:174,Donations.emergencyWithdraw
FNDA:3,Donations.emergencyWithdraw
DA:175,2
BRDA:175,11,0,1
BRDA:175,11,1,1
DA:177,1
DA:178,1
BRDA:178,12,0,1
DA:179,1
DA:180,1
BRDA:180,13,0,-
DA:184,1
DA:185,1
BRDA:185,14,0,1
DA:186,1
FNF:12
FNH:12
LF:58
LH:58
BRF:16
BRH:14
end_of_record
TN:
SF:test/mocks/Erc20DelegateElection.sol
DA:20,549
FN:20,Erc20DelegateElection.constructor
FNDA:549,Erc20DelegateElection.constructor
DA:21,549
BRDA:21,0,0,-
DA:22,549
DA:26,1125
FN:26,Erc20DelegateElection.getNomineeRanking
FNDA:1125,Erc20DelegateElection.getNomineeRanking
DA:27,1125
DA:28,1125
DA:30,564
DA:31,564
DA:34,564
DA:35,3429
DA:36,3429
DA:40,564
DA:41,2865
DA:42,10790
BRDA:42,2,0,3006
DA:44,3006
DA:45,3006
DA:46,3006
DA:48,3006
DA:49,3006
DA:50,3006
DA:55,564
FNF:2
FNH:2
LF:21
LH:21
BRF:2
BRH:1
end_of_record
TN:
SF:test/mocks/Erc20Taxed.sol
DA:23,549
FN:23,Erc20Taxed.constructor
FNDA:549,Erc20Taxed.constructor
DA:25,549
DA:26,549
DA:27,549
DA:28,549
DA:31,257
FN:31,Erc20Taxed.mint
FNDA:257,Erc20Taxed.mint
DA:32,256
BRDA:32,0,0,1
DA:33,1
DA:35,255
DA:38,3
FN:38,Erc20Taxed.burn
FNDA:3,Erc20Taxed.burn
DA:39,2
BRDA:39,1,0,1
DA:40,1
DA:42,1
DA:46,9
FN:46,Erc20Taxed.faucet
FNDA:9,Erc20Taxed.faucet
DA:47,1
BRDA:47,2,0,1
DA:48,1
DA:50,8
DA:53,4
FN:53,Erc20Taxed.pauseFaucet
FNDA:4,Erc20Taxed.pauseFaucet
DA:54,3
DA:57,3
FN:57,Erc20Taxed.changeTaxRate
FNDA:3,Erc20Taxed.changeTaxRate
DA:58,2
BRDA:58,3,0,1
DA:59,1
DA:61,1
DA:65,824
FN:65,Erc20Taxed._update
FNDA:824,Erc20Taxed._update
DA:69,824
BRDA:69,4,0,5
DA:70,5
DA:71,5
DA:73,5
BRDA:73,5,0,1
DA:74,1
DA:78,4
DA:81,4
DA:82,4
DA:86,823
DA:93,284
FN:93,Erc20Taxed.getTaxLogs
FNDA:284,Erc20Taxed.getTaxLogs
DA:94,284
DA:95,284
FNF:8
FNH:8
LF:36
LH:36
BRF:6
BRH:6
end_of_record
TN:
SF:test/mocks/FlagActions.sol
DA:62,2849
FN:62,FlagActions.flag
FNDA:2849,FlagActions.flag
DA:63,1
BRDA:63,0,0,1
DA:64,2847
BRDA:64,1,0,-
DA:66,2847
DA:69,2847
DA:70,2847
DA:71,2847
DA:72,2847
DA:75,2847
DA:87,2847
DA:88,2847
DA:89,2847
DA:90,2847
DA:92,2847
DA:97,5
FN:97,FlagActions.unflag
FNDA:5,FlagActions.unflag
DA:98,4
BRDA:98,2,0,1
DA:101,3
DA:102,3
BRDA:102,3,0,-
DA:104,3
DA:107,3
DA:108,3
DA:109,3
DA:110,3
DA:113,3
DA:116,3
DA:118,3
DA:124,12
FN:124,FlagActions._removeFromArrayByIndex
FNDA:12,FlagActions._removeFromArrayByIndex
DA:125,12
BRDA:125,4,0,-
BRDA:125,4,1,12
DA:128,12
BRDA:128,5,0,10
DA:129,10
DA:130,10
DA:134,2
DA:135,2
DA:136,2
DA:144,3
FN:144,FlagActions._updateIndicesAfterRemoval
FNDA:3,FlagActions._updateIndicesAfterRemoval
DA:149,3
BRDA:149,6,0,2
DA:150,2
DA:151,2
BRDA:151,7,0,2
DA:152,2
DA:157,3
BRDA:157,8,0,-
DA:158,0
DA:159,0
BRDA:159,9,0,-
DA:160,0
DA:165,3
BRDA:165,10,0,-
DA:166,0
DA:167,0
BRDA:167,11,0,-
DA:168,0
DA:173,3
BRDA:173,12,0,-
DA:174,0
DA:175,0
BRDA:175,13,0,-
DA:176,0
DA:182,14
FN:182,FlagActions.isActionIdFlagged
FNDA:14,FlagActions.isActionIdFlagged
DA:183,14
DA:189,567
FN:189,FlagActions.getFlaggedActionsByRole
FNDA:567,FlagActions.getFlaggedActionsByRole
DA:190,567
DA:196,1
FN:196,FlagActions.getFlaggedActionsByAccount
FNDA:1,FlagActions.getFlaggedActionsByAccount
DA:197,1
DA:203,1
FN:203,FlagActions.getFlaggedActionsByLaw
FNDA:1,FlagActions.getFlaggedActionsByLaw
DA:204,1
DA:209,2
FN:209,FlagActions.getAllFlaggedActions
FNDA:2,FlagActions.getAllFlaggedActions
DA:210,2
DA:216,5
FN:216,FlagActions.getFlaggedActionsCountByRole
FNDA:5,FlagActions.getFlaggedActionsCountByRole
DA:217,5
DA:223,5
FN:223,FlagActions.getFlaggedActionsCountByAccount
FNDA:5,FlagActions.getFlaggedActionsCountByAccount
DA:224,5
DA:230,5
FN:230,FlagActions.getFlaggedActionsCountByLaw
FNDA:5,FlagActions.getFlaggedActionsCountByLaw
DA:231,5
DA:236,3
FN:236,FlagActions.getTotalFlaggedActionsCount
FNDA:3,FlagActions.getTotalFlaggedActionsCount
DA:237,3
DA:244,5
FN:244,FlagActions.isActionFlaggedForRole
FNDA:5,FlagActions.isActionFlaggedForRole
DA:245,5
DA:246,5
DA:247,2
BRDA:247,14,0,2
DA:248,2
DA:251,3
DA:258,5
FN:258,FlagActions.isActionFlaggedForAccount
FNDA:5,FlagActions.isActionFlaggedForAccount
DA:259,5
DA:260,5
DA:261,2
BRDA:261,15,0,2
DA:262,2
DA:265,3
DA:272,5
FN:272,FlagActions.isActionFlaggedForLaw
FNDA:5,FlagActions.isActionFlaggedForLaw
DA:273,5
DA:274,5
DA:275,2
BRDA:275,16,0,2
DA:276,2
DA:279,3
FNF:16
FNH:16
LF:87
LH:78
BRF:18
BRH:9
end_of_record
TN:
SF:test/mocks/Grant.sol
DA:59,20
FN:59,Grant.updateNativeBudget
FNDA:20,Grant.updateNativeBudget
DA:60,19
DA:61,19
DA:64,12
FN:64,Grant.updateTokenBudget
FNDA:12,Grant.updateTokenBudget
DA:65,11
BRDA:65,0,0,1
DA:66,10
DA:67,10
DA:70,1
FN:70,Grant.getNativeBudget
FNDA:1,Grant.getNativeBudget
DA:71,1
DA:74,1
FN:74,Grant.getTokenBudget
FNDA:1,Grant.getTokenBudget
DA:75,1
DA:78,1
FN:78,Grant.getRemainingNativeBudget
FNDA:1,Grant.getRemainingNativeBudget
DA:79,1
DA:82,1
FN:82,Grant.getRemainingTokenBudget
FNDA:1,Grant.getRemainingTokenBudget
DA:83,1
DA:88,12
FN:88,Grant.whitelistToken
FNDA:12,Grant.whitelistToken
DA:89,11
BRDA:89,1,0,1
DA:90,10
DA:91,10
DA:94,2
FN:94,Grant.dewhitelistToken
FNDA:2,Grant.dewhitelistToken
DA:95,1
DA:96,1
DA:99,2
FN:99,Grant.isTokenWhitelisted
FNDA:2,Grant.isTokenWhitelisted
DA:100,2
DA:105,21
FN:105,Grant.submitProposal
FNDA:21,Grant.submitProposal
DA:111,20
BRDA:111,2,0,1
DA:112,19
BRDA:112,3,0,1
DA:113,18
BRDA:113,4,0,-
DA:116,18
DA:117,26
BRDA:117,5,0,1
DA:118,1
DA:122,17
DA:124,17
DA:136,17
DA:137,25
DA:145,17
DA:148,16
FN:148,Grant.approveProposal
FNDA:16,Grant.approveProposal
DA:149,15
DA:150,15
BRDA:150,6,0,1
DA:151,14
BRDA:151,7,0,1
DA:154,13
DA:156,9
DA:157,9
DA:160,2
FN:160,Grant.rejectProposal
FNDA:2,Grant.rejectProposal
DA:161,1
DA:162,1
BRDA:162,8,0,-
DA:163,1
BRDA:163,9,0,-
DA:165,1
DA:166,1
DA:171,6
FN:171,Grant.releaseMilestone
FNDA:6,Grant.releaseMilestone
DA:172,5
DA:173,5
BRDA:173,10,0,-
DA:174,5
BRDA:174,11,0,1
DA:176,4
DA:178,4
BRDA:178,12,0,-
DA:179,0
BRDA:179,13,0,-
DA:180,4
BRDA:180,14,0,1
DA:182,3
DA:184,2
DA:185,2
DA:190,1
FN:190,Grant.getProposal
FNDA:1,Grant.getProposal
DA:191,1
DA:194,1
FN:194,Grant.getMilestone
FNDA:1,Grant.getMilestone
DA:195,1
DA:198,1
FN:198,Grant.getProposalMilestones
FNDA:1,Grant.getProposalMilestones
DA:199,1
DA:200,1
BRDA:200,15,0,-
DA:202,1
DA:203,1
DA:204,2
DA:206,1
DA:209,4
FN:209,Grant.isProposalApproved
FNDA:4,Grant.isProposalApproved
DA:210,4
DA:213,2
FN:213,Grant.isProposalRejected
FNDA:2,Grant.isProposalRejected
DA:214,2
DA:217,1
FN:217,Grant.getTotalSpentNative
FNDA:1,Grant.getTotalSpentNative
DA:218,1
DA:221,0
FN:221,Grant.getTotalSpentToken
FNDA:0,Grant.getTotalSpentToken
DA:222,0
DA:225,1
FN:225,Grant.getProposalCount
FNDA:1,Grant.getProposalCount
DA:226,1
DA:231,2
FN:231,Grant.canReleaseMilestone
FNDA:2,Grant.canReleaseMilestone
DA:232,2
DA:233,2
DA:234,2
DA:236,2
DA:237,2
DA:239,2
DA:242,1
BRDA:242,21,0,1
BRDA:242,21,1,-
DA:243,1
DA:245,0
DA:249,1
FN:249,Grant.getBudgetStatus
FNDA:1,Grant.getBudgetStatus
DA:258,1
DA:259,1
DA:260,1
DA:264,1
DA:267,13
FN:267,Grant._checkProposalBudgetConstraints
FNDA:13,Grant._checkProposalBudgetConstraints
DA:268,13
DA:271,13
DA:274,13
DA:275,19
DA:277,19
BRDA:277,22,0,14
DA:279,14
DA:284,13
BRDA:284,23,0,11
DA:285,11
BRDA:285,24,0,2
DA:286,2
DA:291,11
DA:292,15
DA:294,15
BRDA:294,25,0,4
DA:296,4
DA:297,4
DA:298,9
DA:299,9
BRDA:299,26,0,5
DA:300,5
DA:305,4
BRDA:305,27,0,2
DA:306,2
DA:312,3
FN:312,Grant._checkBudgetConstraints
FNDA:3,Grant._checkBudgetConstraints
DA:313,3
DA:315,3
BRDA:315,28,0,3
BRDA:315,28,1,-
DA:317,3
BRDA:317,29,0,1
DA:318,1
DA:320,2
DA:323,0
BRDA:323,30,0,-
DA:324,0
DA:326,0
FNF:25
FNH:24
LF:125
LH:118
BRF:28
BRH:18
end_of_record
TN:
SF:test/mocks/LawMocks.sol
DA:8,4
FN:8,EmptyTargetsLaw.handleRequest
FNDA:4,EmptyTargetsLaw.handleRequest
DA:20,4
DA:21,4
DA:22,4
DA:23,4
DA:29,12
FN:29,MockTargetsLaw.handleRequest
FNDA:12,MockTargetsLaw.handleRequest
DA:41,12
DA:42,12
DA:43,12
DA:44,12
DA:46,12
DA:47,12
DA:48,12
DA:50,12
DA:51,12
DA:52,12
FNF:2
FNH:2
LF:16
LH:16
BRF:0
BRH:0
end_of_record
TN:
SF:test/mocks/Nominees.sol
DA:29,33535
FN:29,Nominees.nominate
FNDA:33535,Nominees.nominate
DA:30,33518
BRDA:30,0,0,33518
BRDA:30,0,1,11
DA:31,33518
BRDA:31,1,0,3
DA:32,33515
DA:33,33515
DA:35,33515
DA:37,33515
DA:39,14
BRDA:39,2,0,3
DA:40,11
DA:42,11
DA:43,11
DA:44,14
BRDA:44,3,0,11
DA:45,11
DA:46,11
DA:47,11
DA:51,11
DA:53,11
DA:59,2115
FN:59,Nominees.getNominees
FNDA:2115,Nominees.getNominees
DA:60,2115
DA:63,4345
FN:63,Nominees.isNominee
FNDA:4345,Nominees.isNominee
DA:64,4345
FNF:3
FNH:3
LF:21
LH:21
BRF:5
BRH:5
end_of_record
TN:
SF:test/mocks/OpenElection.sol
DA:41,27163
FN:41,OpenElection.nominate
FNDA:27163,OpenElection.nominate
DA:42,1
BRDA:42,0,0,1
DA:43,27161
DA:48,290
FN:48,OpenElection.vote
FNDA:290,OpenElection.vote
DA:49,289
BRDA:49,1,0,1
DA:50,288
BRDA:50,2,0,1
DA:51,1
BRDA:51,3,0,1
DA:53,286
DA:54,286
BRDA:54,4,0,1
DA:56,285
DA:59,285
DA:60,771
BRDA:60,5,0,771
DA:61,771
DA:62,771
DA:63,771
DA:70,858
FN:70,OpenElection.openElection
FNDA:858,OpenElection.openElection
DA:71,1
BRDA:71,6,0,1
DA:72,856
BRDA:72,7,0,1
DA:75,855
DA:78,855
DA:79,855
DA:80,27148
DA:83,855
DA:90,855
DA:93,4
FN:93,OpenElection.closeElection
FNDA:4,OpenElection.closeElection
DA:94,3
BRDA:94,8,0,1
DA:95,2
BRDA:95,9,0,1
DA:97,1
DA:98,1
DA:102,1120
FN:102,OpenElection.isElectionOpen
FNDA:1120,OpenElection.isElectionOpen
DA:103,1120
DA:106,4
FN:106,OpenElection.getElectionInfo
FNDA:4,OpenElection.getElectionInfo
DA:107,4
DA:110,1
FN:110,OpenElection.getNomineesForElection
FNDA:1,OpenElection.getNomineesForElection
DA:111,1
DA:114,12467
FN:114,OpenElection.getVoteCount
FNDA:12467,OpenElection.getVoteCount
DA:115,12467
DA:118,6
FN:118,OpenElection.hasUserVoted
FNDA:6,OpenElection.hasUserVoted
DA:119,6
DA:122,4
FN:122,OpenElection.getNomineeRanking
FNDA:4,OpenElection.getNomineeRanking
DA:123,4
BRDA:123,10,0,1
DA:124,1
DA:127,3
DA:130,0
FN:130,OpenElection.getRankingAnyTime
FNDA:0,OpenElection.getRankingAnyTime
DA:131,3
DA:132,3
DA:133,3
DA:135,3
DA:136,3
DA:139,3
DA:140,6
DA:141,6
DA:145,3
DA:146,3
DA:147,4
BRDA:147,12,0,-
DA:149,0
DA:150,0
DA:151,0
DA:154,0
DA:155,0
DA:156,0
DA:161,3
FNF:11
FNH:10
LF:62
LH:55
BRF:12
BRH:11
end_of_record
TN:
SF:test/mocks/SimpleErc1155.sol
DA:25,17
FN:25,SimpleErc1155.mintCoins
FNDA:17,SimpleErc1155.mintCoins
DA:26,17
BRDA:26,0,0,2
DA:27,2
DA:29,15
BRDA:29,1,0,1
DA:30,1
DA:32,14
FNF:1
FNH:1
LF:6
LH:6
BRF:2
BRH:2
end_of_record
TN:
SF:test/mocks/SimpleErc20Votes.sol
DA:17,3397
FN:17,SimpleErc20Votes.mintVotes
FNDA:3397,SimpleErc20Votes.mintVotes
DA:18,3397
BRDA:18,0,0,1
DA:19,1
DA:21,3396
BRDA:21,1,0,1
DA:22,1
DA:24,3395
FNF:1
FNH:1
LF:6
LH:6
BRF:2
BRH:2
end_of_record
TN:
SF:test/mocks/SimpleGovernor.sol
DA:32,2
FN:32,SimpleGovernor.proposalThreshold
FNDA:2,SimpleGovernor.proposalThreshold
DA:33,9
FNF:1
FNH:1
LF:2
LH:2
BRF:0
BRH:0
end_of_record
TN:
SF:test/mocks/SoulboundErc721.sol
DA:16,16
FN:16,SoulboundErc721.mintNFT
FNDA:16,SoulboundErc721.mintNFT
DA:17,15
BRDA:17,0,0,1
DA:18,1
DA:20,14
DA:23,3
FN:23,SoulboundErc721.burnNFT
FNDA:3,SoulboundErc721.burnNFT
DA:24,2
BRDA:24,1,0,1
DA:25,1
DA:27,1
DA:30,2
FN:30,SoulboundErc721._approve
FNDA:2,SoulboundErc721._approve
DA:31,2
BRDA:31,2,0,1
DA:32,1
DA:34,1
DA:37,1
FN:37,SoulboundErc721._setApprovalForAll
FNDA:1,SoulboundErc721._setApprovalForAll
DA:38,1
BRDA:38,3,0,1
DA:39,1
DA:41,0
DA:44,16
FN:44,SoulboundErc721._update
FNDA:16,SoulboundErc721._update
DA:45,16
DA:48,16
BRDA:48,4,0,1
DA:49,1
DA:52,15
FNF:5
FNH:5
LF:21
LH:20
BRF:5
BRH:5
end_of_record
