TN:
SF:script/DeployLaws.s.sol
DA:42,388
FN:42,DeployLaws.run
FNDA:388,DeployLaws.run
DA:43,388
DA:44,388
DA:47,388
DA:48,388
DA:49,388
DA:50,388
DA:53,388
DA:54,388
DA:55,388
DA:57,388
DA:58,388
DA:59,388
DA:61,388
DA:62,388
DA:63,388
DA:65,388
DA:66,388
DA:67,388
DA:69,388
DA:70,388
DA:71,388
DA:73,388
DA:74,388
DA:75,388
DA:78,388
DA:79,388
DA:80,388
DA:82,388
DA:83,388
DA:84,388
DA:86,388
DA:87,388
DA:88,388
DA:91,388
DA:92,388
DA:93,388
DA:95,388
DA:96,388
DA:97,388
DA:99,388
DA:100,388
DA:101,388
DA:103,388
DA:104,388
DA:105,388
DA:107,388
DA:108,388
DA:109,388
DA:111,388
DA:112,388
DA:113,388
DA:115,388
DA:116,388
DA:117,388
DA:119,388
DA:120,388
DA:121,388
DA:123,388
DA:124,388
DA:125,388
DA:127,388
DA:129,6984
DA:136,0
FN:136,DeployLaws.deployLaw
FNDA:0,DeployLaws.deployLaw
DA:137,6984
DA:138,6984
DA:140,6984
DA:146,6984
BRDA:146,0,0,6984
BRDA:146,0,1,6984
DA:147,6984
DA:148,6984
DA:149,6984
DA:151,6984
DA:154,0
FNF:2
FNH:1
LF:73
LH:71
BRF:2
BRH:2
end_of_record
TN:
SF:script/DeployMocks.s.sol
DA:36,388
FN:36,DeployMocks.run
FNDA:388,DeployMocks.run
DA:37,388
DA:38,388
DA:39,388
DA:41,388
DA:42,388
DA:43,388
DA:45,388
DA:46,388
DA:47,388
DA:49,388
DA:50,388
DA:51,388
DA:53,388
DA:54,388
DA:55,388
DA:57,388
DA:58,388
DA:61,388
DA:64,388
DA:65,388
DA:66,388
DA:68,388
DA:69,388
DA:70,388
DA:72,388
DA:73,388
DA:74,388
DA:76,388
DA:77,388
DA:78,388
DA:80,388
DA:81,388
DA:82,388
DA:84,388
DA:85,388
DA:86,388
DA:92,0
FN:92,DeployMocks.computeMockAddress
FNDA:0,DeployMocks.computeMockAddress
DA:93,388
DA:94,388
DA:98,0
FN:98,DeployMocks.deployMock
FNDA:0,DeployMocks.deployMock
DA:99,4268
DA:101,4268
DA:107,4268
BRDA:107,0,0,4268
BRDA:107,0,1,4268
DA:108,4268
DA:109,4268
DA:110,4268
DA:111,4268
DA:113,0
FNF:3
FNH:1
LF:49
LH:46
BRF:2
BRH:2
end_of_record
TN:
SF:script/HelperConfig.s.sol
DA:31,388
FN:31,HelperConfig.constructor
FNDA:388,HelperConfig.constructor
DA:32,388
DA:33,388
DA:34,388
DA:35,388
DA:36,388
DA:37,388
DA:40,388
FN:40,HelperConfig.getConfig
FNDA:388,HelperConfig.getConfig
DA:41,388
DA:44,0
FN:44,HelperConfig.getConfigByChainId
FNDA:0,HelperConfig.getConfigByChainId
DA:45,388
BRDA:45,0,0,388
BRDA:45,0,1,-
DA:46,388
DA:48,0
DA:52,388
FN:52,HelperConfig.getEthSepoliaConfig
FNDA:388,HelperConfig.getEthSepoliaConfig
DA:53,388
DA:54,388
DA:55,388
DA:57,388
DA:58,388
DA:59,388
DA:60,388
DA:61,388
DA:63,388
DA:66,388
FN:66,HelperConfig.getArbSepoliaConfig
FNDA:388,HelperConfig.getArbSepoliaConfig
DA:67,388
DA:68,388
DA:69,388
DA:71,388
DA:72,388
DA:73,388
DA:74,388
DA:75,388
DA:77,388
DA:80,388
FN:80,HelperConfig.getOptSepoliaConfig
FNDA:388,HelperConfig.getOptSepoliaConfig
DA:81,388
DA:82,388
DA:83,388
DA:85,388
DA:86,388
DA:87,388
DA:88,388
DA:89,388
DA:91,388
DA:94,388
FN:94,HelperConfig.getBaseSepoliaConfig
FNDA:388,HelperConfig.getBaseSepoliaConfig
DA:95,388
DA:96,388
DA:97,388
DA:99,388
DA:100,388
DA:101,388
DA:102,388
DA:103,388
DA:105,388
DA:108,388
FN:108,HelperConfig.getMantleSepoliaConfig
FNDA:388,HelperConfig.getMantleSepoliaConfig
DA:109,388
DA:110,388
DA:111,388
DA:113,388
DA:114,388
DA:115,388
DA:116,388
DA:117,388
DA:119,388
DA:122,388
FN:122,HelperConfig.getOrCreateAnvilEthConfig
FNDA:388,HelperConfig.getOrCreateAnvilEthConfig
DA:123,388
DA:124,388
DA:125,388
DA:127,388
FNF:9
FNH:8
LF:68
LH:66
BRF:2
BRH:1
end_of_record
TN:
SF:src/Law.sol
DA:57,2755
FN:57,Law.initializeLaw
FNDA:2755,Law.initializeLaw
DA:64,2755
DA:65,2755
DA:68,2753
DA:76,2753
DA:85,62
FN:85,Law.executeLaw
FNDA:62,Law.executeLaw
DA:90,62
DA:91,62
BRDA:91,0,0,1
DA:92,1
DA:96,61
DA:101,61
DA:103,45
DA:105,45
DA:107,44
DA:120,0
FN:120,Law.handleRequest
FNDA:0,Law.handleRequest
DA:134,45
FN:134,Law._externalCall
FNDA:45,Law._externalCall
DA:138,45
FN:138,Law._replyPowers
FNDA:45,Law._replyPowers
DA:142,45
BRDA:142,1,0,45
DA:143,45
DA:150,11
FN:150,Law.getNameDescription
FNDA:11,Law.getNameDescription
DA:151,11
DA:154,2
FN:154,Law.getInputParams
FNDA:2,Law.getInputParams
DA:155,2
DA:158,5
FN:158,Law.getConfig
FNDA:5,Law.getConfig
DA:159,5
DA:169,8265
FN:169,Law.supportsInterface
FNDA:8265,Law.supportsInterface
DA:170,8265
FNF:9
FNH:8
LF:27
LH:26
BRF:2
BRH:2
end_of_record
TN:
SF:src/LawUtilities.sol
DA:43,2761
FN:43,LawUtilities.checkStringLength
FNDA:2761,LawUtilities.checkStringLength
DA:44,2761
BRDA:44,0,0,3
DA:45,3
DA:47,2758
BRDA:47,1,0,3
DA:48,3
DA:61,2
FN:61,LawUtilities.nftCheck
FNDA:2,LawUtilities.nftCheck
DA:62,2
DA:63,2
BRDA:63,2,0,1
DA:64,1
DA:89,2
FN:89,LawUtilities.hasRoleCheck
FNDA:2,LawUtilities.hasRoleCheck
DA:90,2
DA:91,2
DA:92,2
BRDA:92,3,0,1
DA:93,1
DA:102,2
FN:102,LawUtilities.hasNotRoleCheck
FNDA:2,LawUtilities.hasNotRoleCheck
DA:103,2
DA:104,2
DA:105,2
BRDA:105,4,0,1
DA:106,1
DA:118,5
FN:118,LawUtilities.logTransaction
FNDA:5,LawUtilities.logTransaction
DA:122,5
DA:123,5
DA:132,3
FN:132,LawUtilities.checkThrottle
FNDA:3,LawUtilities.checkThrottle
DA:137,3
BRDA:137,5,0,1
DA:138,1
DA:140,2
DA:141,2
BRDA:141,6,0,1
DA:142,1
DA:144,1
DA:154,1
FN:154,LawUtilities.checkNumberOfTransactions
FNDA:1,LawUtilities.checkNumberOfTransactions
DA:159,1
DA:160,3
BRDA:160,7,0,3
DA:161,3
DA:164,0
DA:176,69
FN:176,LawUtilities.hashActionId
FNDA:69,LawUtilities.hashActionId
DA:181,69
DA:189,4719
FN:189,LawUtilities.hashLaw
FNDA:4719,LawUtilities.hashLaw
DA:190,4719
DA:199,32
FN:199,LawUtilities.createEmptyArrays
FNDA:32,LawUtilities.createEmptyArrays
DA:204,32
DA:205,32
DA:206,32
DA:214,0
FN:214,LawUtilities.arrayifyBools
FNDA:0,LawUtilities.arrayifyBools
DA:217,0
DA:218,0
DA:219,0
DA:220,0
DA:222,0
DA:223,0
DA:226,0
FNF:11
FNH:10
LF:50
LH:41
BRF:8
BRH:8
end_of_record
TN:
SF:src/Powers.sol
DA:80,8
FN:80,Powers.onlyPowers
FNDA:8,Powers.onlyPowers
DA:81,8
BRDA:81,0,0,-
DA:86,45
FN:86,Powers.onlyAdoptedLaw
FNDA:45,Powers.onlyAdoptedLaw
DA:87,45
BRDA:87,1,0,-
DA:99,395
FN:99,Powers.constructor
FNDA:395,Powers.constructor
DA:100,395
BRDA:100,2,0,-
DA:101,395
DA:102,395
DA:103,395
DA:104,395
DA:106,395
DA:108,395
DA:116,21
FN:116,Powers.receive
FNDA:21,Powers.receive
DA:117,21
BRDA:117,3,0,1
DA:118,20
DA:126,67
FN:126,Powers.request
FNDA:67,Powers.request
DA:132,66
DA:133,66
DA:136,66
BRDA:136,4,0,-
DA:139,66
BRDA:139,5,0,-
DA:142,66
BRDA:142,6,0,1
DA:145,65
BRDA:145,7,0,1
DA:148,64
BRDA:148,8,0,1
DA:151,63
DA:154,61
DA:155,61
DA:156,61
DA:157,61
DA:158,61
DA:159,61
DA:160,61
DA:163,61
DA:164,44
BRDA:164,9,0,-
DA:167,44
DA:171,45
FN:171,Powers.fulfill
FNDA:45,Powers.fulfill
DA:178,45
DA:181,45
BRDA:181,10,0,-
DA:184,45
BRDA:184,11,0,-
DA:187,45
BRDA:187,12,0,-
DA:190,45
BRDA:190,13,0,-
DA:193,45
BRDA:193,14,0,-
DA:196,45
BRDA:196,15,0,-
DA:199,45
DA:200,71
BRDA:200,16,0,-
DA:201,71
BRDA:201,17,0,-
DA:205,45
DA:208,45
DA:209,71
DA:210,71
DA:214,44
DA:215,44
DA:218,44
DA:222,26
FN:222,Powers.propose
FNDA:26,Powers.propose
DA:228,25
DA:231,25
BRDA:231,18,0,-
DA:234,25
BRDA:234,19,0,1
DA:237,24
BRDA:237,20,0,-
DA:240,24
BRDA:240,21,0,-
DA:243,24
DA:251,24
FN:251,Powers._propose
FNDA:24,Powers._propose
DA:257,24
DA:258,24
DA:261,24
BRDA:261,22,0,1
DA:264,23
BRDA:264,23,0,1
DA:267,22
DA:270,22
DA:271,22
DA:272,22
DA:273,22
DA:274,22
DA:275,22
DA:276,22
DA:277,22
DA:278,22
DA:280,22
DA:295,8
FN:295,Powers.cancel
FNDA:8,Powers.cancel
DA:301,7
DA:304,7
BRDA:304,24,0,1
DA:306,6
DA:312,6
FN:312,Powers._cancel
FNDA:6,Powers._cancel
DA:313,6
DA:316,6
BRDA:316,25,0,-
DA:319,6
BRDA:319,26,0,2
DA:322,4
DA:325,4
DA:327,4
DA:331,16
FN:331,Powers.castVote
FNDA:16,Powers.castVote
DA:332,16
DA:336,2
FN:336,Powers.castVoteWithReason
FNDA:2,Powers.castVoteWithReason
DA:337,2
DA:344,18
FN:344,Powers._castVote
FNDA:18,Powers._castVote
DA:346,18
BRDA:346,27,0,1
DA:347,1
DA:351,17
DA:352,17
BRDA:352,28,0,1
DA:355,16
DA:357,15
DA:364,392
FN:364,Powers.constitute
FNDA:392,Powers.constitute
DA:366,392
BRDA:366,29,0,1
DA:369,1
BRDA:369,30,0,1
DA:372,390
DA:375,390
DA:377,3104
BRDA:377,31,0,2716
DA:378,2716
DA:384,40
FN:384,Powers.adoptLaw
FNDA:40,Powers.adoptLaw
DA:385,39
DA:389,8
FN:389,Powers.revokeLaw
FNDA:8,Powers.revokeLaw
DA:390,8
BRDA:390,32,0,1
DA:392,7
DA:393,7
DA:401,2755
FN:401,Powers._adoptLaw
FNDA:2755,Powers._adoptLaw
DA:403,2755
BRDA:403,33,0,1
DA:404,1
DA:408,2754
BRDA:408,34,0,-
DA:411,2754
DA:412,2754
DA:413,2754
DA:414,2754
DA:416,2754
DA:421,2751
DA:425,1574
FN:425,Powers.assignRole
FNDA:1574,Powers.assignRole
DA:426,1573
BRDA:426,35,0,-
DA:428,1573
DA:432,8
FN:432,Powers.revokeRole
FNDA:8,Powers.revokeRole
DA:433,8
DA:437,38
FN:437,Powers.labelRole
FNDA:38,Powers.labelRole
DA:438,38
BRDA:438,36,0,1
DA:439,37
DA:440,37
DA:449,1976
FN:449,Powers._setRole
FNDA:1976,Powers._setRole
DA:451,1976
BRDA:451,37,0,-
DA:453,1976
BRDA:453,38,0,-
DA:455,1976
DA:457,1976
BRDA:457,39,0,1964
BRDA:457,39,1,6
DA:458,1964
DA:459,1964
DA:461,12
BRDA:461,40,0,6
DA:462,6
DA:463,6
DA:464,6
DA:467,6
DA:468,6
DA:471,6
DA:472,6
DA:476,1976
DA:480,0
FN:480,Powers.blacklistAddress
FNDA:0,Powers.blacklistAddress
DA:481,0
DA:482,0
DA:486,390
FN:486,Powers.setPayableEnabled
FNDA:390,Powers.setPayableEnabled
DA:487,390
DA:491,0
FN:491,Powers.setUri
FNDA:0,Powers.setUri
DA:492,0
DA:498,103
FN:498,Powers._hashAction
FNDA:103,Powers._hashAction
DA:504,103
DA:511,13
FN:511,Powers._quorumReached
FNDA:13,Powers._quorumReached
DA:513,13
DA:514,13
DA:515,13
DA:518,13
DA:530,110
FN:530,Powers._hasBeenRequested
FNDA:110,Powers._hasBeenRequested
DA:531,110
DA:532,110
BRDA:532,41,0,46
DA:533,46
DA:535,64
DA:543,0
FN:543,Powers._hasBeenProposed
FNDA:0,Powers._hasBeenProposed
DA:544,0
DA:546,0
DA:547,0
BRDA:547,42,0,-
DA:548,0
DA:550,0
DA:556,8
FN:556,Powers._voteSucceeded
FNDA:8,Powers._voteSucceeded
DA:558,8
DA:559,8
DA:560,8
DA:563,8
DA:570,16
FN:570,Powers._countVote
FNDA:16,Powers._countVote
DA:571,16
DA:574,0
BRDA:574,43,0,-
DA:577,16
DA:580,16
BRDA:580,44,0,2
BRDA:580,44,1,1
DA:581,2
DA:582,14
BRDA:582,45,0,12
BRDA:582,45,1,1
DA:583,12
DA:584,2
BRDA:584,46,0,1
BRDA:584,46,1,1
DA:585,1
DA:587,1
DA:597,21
FN:597,Powers._countMembersRole
FNDA:21,Powers._countMembersRole
DA:598,21
DA:605,396
FN:605,Powers.version
FNDA:396,Powers.version
DA:606,396
DA:610,9
FN:610,Powers.canCallLaw
FNDA:9,Powers.canCallLaw
DA:611,117
DA:612,117
DA:614,117
DA:618,111
FN:618,Powers.hasRoleSince
FNDA:111,Powers.hasRoleSince
DA:619,228
DA:620,228
BRDA:620,47,0,125
DA:621,125
DA:623,103
DA:627,6
FN:627,Powers.getAmountRoleHolders
FNDA:6,Powers.getAmountRoleHolders
DA:628,6
DA:631,3
FN:631,Powers.getRoleHolders
FNDA:3,Powers.getRoleHolders
DA:632,3
DA:633,3
BRDA:633,48,0,2
DA:634,2
DA:636,1
DA:637,2
DA:639,0
DA:642,4
FN:642,Powers.getRoleLabel
FNDA:4,Powers.getRoleLabel
DA:643,4
DA:647,52
FN:647,Powers.getActionState
FNDA:52,Powers.getActionState
DA:649,180
DA:651,180
BRDA:651,49,0,61
DA:652,61
DA:654,119
BRDA:654,50,0,40
DA:655,40
DA:657,79
BRDA:657,51,0,3
DA:658,3
DA:660,76
BRDA:660,52,0,45
DA:661,45
DA:664,31
DA:666,31
BRDA:666,53,0,18
BRDA:666,53,1,8
DA:667,18
DA:668,13
BRDA:668,54,0,5
BRDA:668,54,1,8
DA:669,5
DA:671,8
DA:676,0
FN:676,Powers.getActionData
FNDA:0,Powers.getActionData
DA:690,0
DA:692,0
DA:703,2
FN:703,Powers.getActionVoteData
FNDA:2,Powers.getActionVoteData
DA:716,2
DA:718,2
DA:728,0
FN:728,Powers.getActionCalldata
FNDA:0,Powers.getActionCalldata
DA:729,0
DA:732,0
FN:732,Powers.getActionUri
FNDA:0,Powers.getActionUri
DA:733,0
DA:736,0
FN:736,Powers.getActionNonce
FNDA:0,Powers.getActionNonce
DA:737,0
DA:741,2
FN:741,Powers.getActionDeadline
FNDA:2,Powers.getActionDeadline
DA:743,33
DA:747,1
FN:747,Powers.hasVoted
FNDA:1,Powers.hasVoted
DA:748,1
DA:752,15
FN:752,Powers.getAdoptedLaw
FNDA:15,Powers.getAdoptedLaw
DA:753,15
DA:754,15
DA:755,15
DA:757,0
DA:760,218
FN:760,Powers.getConditions
FNDA:218,Powers.getConditions
DA:761,335
DA:764,0
FN:764,Powers.isBlacklisted
FNDA:0,Powers.isBlacklisted
DA:765,4488
DA:772,2
FN:772,Powers.onERC721Received
FNDA:2,Powers.onERC721Received
DA:773,2
DA:777,3
FN:777,Powers.onERC1155Received
FNDA:3,Powers.onERC1155Received
DA:778,3
DA:782,1
FN:782,Powers.onERC1155BatchReceived
FNDA:1,Powers.onERC1155BatchReceived
DA:787,1
FNF:51
FNH:43
LF:257
LH:233
BRF:61
BRH:37
end_of_record
TN:
SF:src/PowersUtilities.sol
DA:37,25
FN:37,PowersUtilities.checksAtPropose
FNDA:25,PowersUtilities.checksAtPropose
DA:43,93
DA:46,93
BRDA:46,0,0,2
DA:48,2
DA:52,2
BRDA:52,1,0,2
DA:53,2
DA:58,91
BRDA:58,2,0,1
DA:59,1
DA:62,1
BRDA:62,3,0,1
DA:63,1
DA:75,68
FN:75,PowersUtilities.checksAtRequest
FNDA:68,PowersUtilities.checksAtRequest
DA:82,68
DA:84,67
DA:86,67
BRDA:86,4,0,3
DA:88,3
DA:89,1
BRDA:89,5,0,1
DA:90,1
DA:95,66
BRDA:95,6,0,4
DA:96,4
DA:98,1
BRDA:98,7,0,1
DA:99,1
DA:104,65
BRDA:104,8,0,-
DA:105,0
DA:108,0
BRDA:108,9,0,-
DA:109,0
DA:123,1
FN:123,PowersUtilities.hashActionId
FNDA:1,PowersUtilities.hashActionId
DA:128,8
DA:131,47
FN:131,PowersUtilities.getConditions
FNDA:47,PowersUtilities.getConditions
DA:132,207
FNF:4
FNH:4
LF:29
LH:26
BRF:10
BRH:8
end_of_record
TN:
SF:src/laws/async/Snapshot_CheckSnapExists.sol
DA:90,0
FN:90,SnapToGov_CheckSnapExists.constructor
FNDA:0,SnapToGov_CheckSnapExists.constructor
DA:92,0
DA:93,0
DA:94,0
DA:97,0
FN:97,SnapToGov_CheckSnapExists.initializeLaw
FNDA:0,SnapToGov_CheckSnapExists.initializeLaw
DA:103,0
DA:104,0
DA:106,0
DA:107,0
DA:110,0
DA:118,0
DA:123,0
FN:123,SnapToGov_CheckSnapExists.handleRequest
FNDA:0,SnapToGov_CheckSnapExists.handleRequest
DA:134,0
DA:135,0
DA:136,0
DA:138,0
DA:139,0
DA:143,0
DA:144,0
DA:145,0
DA:148,0
DA:149,0
DA:151,0
DA:154,0
FN:154,SnapToGov_CheckSnapExists._externalCall
FNDA:0,SnapToGov_CheckSnapExists._externalCall
DA:162,0
DA:163,0
DA:164,0
DA:167,0
DA:168,0
DA:175,0
DA:189,0
FN:189,SnapToGov_CheckSnapExists.sendRequest
FNDA:0,SnapToGov_CheckSnapExists.sendRequest
DA:194,0
DA:195,0
DA:199,0
DA:200,0
DA:209,0
BRDA:209,0,0,-
DA:212,0
DA:214,0
DA:224,0
FN:224,SnapToGov_CheckSnapExists.fulfillRequest
FNDA:0,SnapToGov_CheckSnapExists.fulfillRequest
DA:225,0
BRDA:225,1,0,-
DA:226,0
DA:228,0
DA:229,0
DA:231,0
BRDA:231,2,0,-
DA:232,0
DA:235,0
BRDA:235,3,0,-
DA:236,0
DA:239,0
DA:241,0
BRDA:241,4,0,-
DA:242,0
DA:246,0
DA:247,0
BRDA:247,5,0,-
DA:248,0
DA:251,0
DA:253,0
DA:254,0
DA:255,0
DA:261,0
FN:261,SnapToGov_CheckSnapExists.getData
FNDA:0,SnapToGov_CheckSnapExists.getData
DA:262,0
DA:265,0
FN:265,SnapToGov_CheckSnapExists.getRouter
FNDA:0,SnapToGov_CheckSnapExists.getRouter
DA:266,0
FNF:8
FNH:0
LF:61
LH:0
BRF:6
BRH:0
end_of_record
TN:
SF:src/laws/electoral/BuyAccess.sol
DA:58,391
FN:58,BuyAccess.constructor
FNDA:391,BuyAccess.constructor
DA:59,391
DA:60,391
DA:63,35
FN:63,BuyAccess.initializeLaw
FNDA:35,BuyAccess.initializeLaw
DA:69,35
DA:70,35
DA:73,35
BRDA:73,0,0,1
DA:74,1
DA:76,34
BRDA:76,1,0,-
DA:77,0
DA:80,34
DA:81,34
DA:82,34
DA:85,34
DA:86,67
DA:92,34
DA:94,34
DA:106,0
FN:106,BuyAccess.handleRequest
FNDA:0,BuyAccess.handleRequest
DA:124,2
DA:125,2
DA:126,2
DA:129,2
DA:130,2
DA:131,2
DA:134,2
DA:137,2
DA:139,0
BRDA:139,2,0,-
BRDA:139,2,1,2
DA:141,0
DA:142,0
DA:143,0
DA:150,2
DA:151,2
DA:152,2
DA:159,2
DA:168,2
FN:168,BuyAccess._checkDonationAccess
FNDA:2,BuyAccess._checkDonationAccess
DA:175,2
DA:177,2
BRDA:177,3,0,2
DA:178,2
DA:182,0
DA:183,0
DA:186,0
DA:189,0
BRDA:189,4,0,-
DA:190,0
DA:194,0
DA:196,0
BRDA:196,5,0,-
DA:197,0
DA:201,0
DA:204,0
DA:211,0
FN:211,BuyAccess._findTokenConfig
FNDA:0,BuyAccess._findTokenConfig
DA:215,0
DA:216,0
BRDA:216,6,0,-
DA:217,0
DA:221,0
DA:224,1
FN:224,BuyAccess.getData
FNDA:1,BuyAccess.getData
DA:225,1
FNF:6
FNH:4
LF:55
LH:34
BRF:8
BRH:3
end_of_record
TN:
SF:src/laws/electoral/ElectionSelect.sol
DA:42,391
FN:42,ElectionSelect.constructor
FNDA:391,ElectionSelect.constructor
DA:43,391
DA:44,391
DA:47,31
FN:47,ElectionSelect.initializeLaw
FNDA:31,ElectionSelect.initializeLaw
DA:53,31
DA:54,31
DA:56,31
DA:58,31
DA:66,31
DA:68,31
DA:73,0
FN:73,ElectionSelect.handleRequest
FNDA:0,ElectionSelect.handleRequest
DA:84,2
DA:85,2
DA:87,2
DA:90,2
DA:93,2
DA:96,2
DA:97,2
DA:98,2
DA:100,2
DA:101,2
DA:102,3
DA:108,2
DA:110,2
BRDA:110,0,0,1
DA:112,1
DA:113,1
DA:116,1
DA:118,1
DA:121,1
DA:122,0
DA:123,0
DA:128,0
DA:132,1
DA:133,3
DA:134,3
DA:139,3
DA:142,1
DA:146,1
FN:146,ElectionSelect.getData
FNDA:1,ElectionSelect.getData
DA:147,1
FNF:4
FNH:3
LF:39
LH:35
BRF:1
BRH:1
end_of_record
TN:
SF:src/laws/electoral/NStrikesRevokesRoles.sol
DA:51,391
FN:51,NStrikesRevokesRoles.constructor
FNDA:391,NStrikesRevokesRoles.constructor
DA:52,391
DA:53,391
DA:56,31
FN:56,NStrikesRevokesRoles.initializeLaw
FNDA:31,NStrikesRevokesRoles.initializeLaw
DA:62,31
DA:63,31
DA:66,31
DA:67,31
DA:68,31
DA:69,31
DA:72,31
DA:73,31
DA:76,0
FN:76,NStrikesRevokesRoles.handleRequest
FNDA:0,NStrikesRevokesRoles.handleRequest
DA:88,2
DA:89,2
DA:90,2
DA:93,2
DA:96,2
BRDA:96,0,0,1
DA:97,1
DA:101,1
DA:104,1
DA:106,1
DA:107,2
DA:108,2
DA:111,1
DA:114,1
FN:114,NStrikesRevokesRoles.getData
FNDA:1,NStrikesRevokesRoles.getData
DA:115,1
DA:121,0
FN:121,NStrikesRevokesRoles.shouldRevokeRole
FNDA:0,NStrikesRevokesRoles.shouldRevokeRole
DA:122,0
DA:123,0
FNF:5
FNH:3
LF:30
LH:26
BRF:1
BRH:1
end_of_record
TN:
SF:src/laws/electoral/PeerSelect.sol
DA:55,391
FN:55,PeerSelect.constructor
FNDA:391,PeerSelect.constructor
DA:56,391
DA:57,391
DA:60,31
FN:60,PeerSelect.initializeLaw
FNDA:31,PeerSelect.initializeLaw
DA:66,31
DA:67,31
DA:70,31
DA:73,31
DA:74,31
DA:75,31
DA:76,31
DA:77,31
DA:80,31
DA:81,31
DA:82,0
DA:84,31
DA:86,31
DA:89,0
FN:89,PeerSelect.handleRequest
FNDA:0,PeerSelect.handleRequest
DA:101,2
DA:102,2
DA:105,2
DA:106,2
DA:109,2
DA:112,2
BRDA:112,0,0,-
DA:113,0
DA:117,2
DA:118,2
DA:119,2
DA:120,3
BRDA:120,1,0,3
DA:121,3
DA:122,3
DA:127,2
BRDA:127,2,0,-
DA:128,0
DA:130,2
BRDA:130,3,0,1
DA:131,1
DA:135,1
DA:136,1
DA:137,1
DA:140,1
DA:141,1
DA:142,1
DA:143,1
DA:145,1
BRDA:145,4,0,1
BRDA:145,4,1,-
DA:146,1
DA:148,0
DA:153,1
BRDA:153,5,0,1
DA:154,1
DA:155,1
BRDA:155,6,0,-
DA:156,0
DA:161,1
DA:163,1
DA:164,1
DA:165,1
DA:167,1
BRDA:167,7,0,1
BRDA:167,7,1,-
DA:168,1
DA:170,0
DA:174,1
DA:177,1
FN:177,PeerSelect.getData
FNDA:1,PeerSelect.getData
DA:178,1
FNF:4
FNH:3
LF:59
LH:52
BRF:10
BRH:5
end_of_record
TN:
SF:src/laws/electoral/RenounceRole.sol
DA:39,391
FN:39,RenounceRole.constructor
FNDA:391,RenounceRole.constructor
DA:40,391
DA:41,391
DA:44,31
FN:44,RenounceRole.initializeLaw
FNDA:31,RenounceRole.initializeLaw
DA:50,31
DA:51,31
DA:53,31
DA:54,31
DA:57,0
FN:57,RenounceRole.handleRequest
FNDA:0,RenounceRole.handleRequest
DA:70,3
DA:71,3
DA:74,3
BRDA:74,0,0,1
DA:75,1
DA:79,2
DA:80,2
DA:81,3
BRDA:81,1,0,1
DA:82,1
DA:83,1
DA:86,2
BRDA:86,2,0,1
DA:87,1
DA:91,1
DA:92,1
DA:93,1
DA:94,1
DA:96,1
DA:99,1
FN:99,RenounceRole.getAllowedRoleIds
FNDA:1,RenounceRole.getAllowedRoleIds
DA:100,1
FNF:4
FNH:3
LF:27
LH:26
BRF:3
BRH:3
end_of_record
TN:
SF:src/laws/electoral/RoleByRoles.sol
DA:38,391
FN:38,RoleByRoles.constructor
FNDA:391,RoleByRoles.constructor
DA:39,391
DA:40,391
DA:43,31
FN:43,RoleByRoles.initializeLaw
FNDA:31,RoleByRoles.initializeLaw
DA:49,31
DA:50,31
DA:51,31
DA:56,31
DA:58,31
DA:61,0
FN:61,RoleByRoles.handleRequest
FNDA:0,RoleByRoles.handleRequest
DA:74,2
DA:75,2
DA:76,2
DA:79,2
DA:80,2
DA:81,2
DA:82,3
BRDA:82,0,0,1
DA:83,1
DA:84,1
DA:87,2
DA:90,2
DA:93,2
BRDA:93,1,0,1
DA:94,1
DA:95,1
DA:96,1
DA:98,2
BRDA:98,2,0,1
DA:99,1
DA:100,1
DA:101,1
DA:104,2
DA:107,1
FN:107,RoleByRoles.getData
FNDA:1,RoleByRoles.getData
DA:108,1
FNF:4
FNH:3
LF:32
LH:31
BRF:3
BRH:3
end_of_record
TN:
SF:src/laws/electoral/SelfSelect.sol
DA:39,391
FN:39,SelfSelect.constructor
FNDA:391,SelfSelect.constructor
DA:40,391
DA:41,391
DA:44,31
FN:44,SelfSelect.initializeLaw
FNDA:31,SelfSelect.initializeLaw
DA:50,31
DA:51,31
DA:53,31
DA:54,31
DA:57,0
FN:57,SelfSelect.handleRequest
FNDA:0,SelfSelect.handleRequest
DA:68,3
DA:69,3
DA:70,3
DA:72,3
BRDA:72,0,0,1
DA:73,1
DA:76,2
DA:77,2
DA:79,2
FNF:3
FNH:2
LF:17
LH:16
BRF:1
BRH:1
end_of_record
TN:
SF:src/laws/electoral/TaxSelect.sol
DA:61,391
FN:61,TaxSelect.constructor
FNDA:391,TaxSelect.constructor
DA:62,391
DA:63,391
DA:64,391
DA:71,31
FN:71,TaxSelect.initializeLaw
FNDA:31,TaxSelect.initializeLaw
DA:77,31
DA:78,31
DA:79,31
DA:80,31
DA:81,31
DA:82,31
DA:84,31
DA:86,31
DA:99,0
FN:99,TaxSelect.handleRequest
FNDA:0,TaxSelect.handleRequest
DA:111,2
DA:112,2
DA:114,2
DA:115,2
DA:118,2
DA:119,2
DA:121,2
BRDA:121,0,0,1
DA:122,1
DA:126,1
DA:128,1
DA:133,1
DA:134,1
DA:137,1
BRDA:137,1,0,-
BRDA:137,1,1,-
DA:139,0
DA:140,1
BRDA:140,2,0,-
DA:142,0
DA:146,1
DA:149,1
FN:149,TaxSelect.getData
FNDA:1,TaxSelect.getData
DA:150,1
FNF:4
FNH:3
LF:33
LH:30
BRF:4
BRH:1
end_of_record
TN:
SF:src/laws/electoral/VoteInOpenElection.sol
DA:51,391
FN:51,VoteInOpenElection.constructor
FNDA:391,VoteInOpenElection.constructor
DA:52,391
DA:53,391
DA:56,33
FN:56,VoteInOpenElection.initializeLaw
FNDA:33,VoteInOpenElection.initializeLaw
DA:62,33
DA:63,33
DA:66,33
DA:69,33
DA:70,33
DA:71,33
DA:72,33
DA:73,33
DA:76,33
DA:77,33
DA:78,4
DA:80,33
DA:82,33
DA:85,0
FN:85,VoteInOpenElection.handleRequest
FNDA:0,VoteInOpenElection.handleRequest
DA:97,2
DA:98,2
DA:101,2
DA:102,2
DA:105,2
BRDA:105,0,0,-
DA:106,0
DA:110,2
BRDA:110,1,0,-
DA:111,0
DA:115,2
DA:116,2
DA:117,3
BRDA:117,2,0,3
DA:118,3
DA:119,3
BRDA:119,3,0,1
DA:120,1
DA:126,1
DA:127,1
DA:128,1
DA:130,1
DA:133,0
FN:133,VoteInOpenElection.getData
FNDA:0,VoteInOpenElection.getData
DA:134,0
FNF:4
FNH:2
LF:38
LH:33
BRF:4
BRH:2
end_of_record
TN:
SF:src/laws/executive/AdoptLaws.sol
DA:35,388
FN:35,AdoptLaws.constructor
FNDA:388,AdoptLaws.constructor
DA:36,388
DA:37,388
DA:40,20
FN:40,AdoptLaws.initializeLaw
FNDA:20,AdoptLaws.initializeLaw
DA:48,20
DA:49,20
DA:50,20
DA:53,20
DA:54,20
DA:59,0
FN:59,AdoptLaws.handleRequest
FNDA:0,AdoptLaws.handleRequest
DA:70,1
DA:72,1
DA:75,1
DA:76,1
DA:77,1
DA:78,1
DA:79,1
DA:80,1
DA:82,1
DA:85,2
FN:85,AdoptLaws.getData
FNDA:2,AdoptLaws.getData
DA:86,2
FNF:4
FNH:3
LF:21
LH:20
BRF:0
BRH:0
end_of_record
TN:
SF:src/laws/executive/GovernorCreateProposal.sol
DA:33,388
FN:33,GovernorCreateProposal.constructor
FNDA:388,GovernorCreateProposal.constructor
DA:34,388
DA:35,388
DA:38,274
FN:38,GovernorCreateProposal.initializeLaw
FNDA:274,GovernorCreateProposal.initializeLaw
DA:44,274
DA:45,274
DA:47,274
DA:50,274
DA:51,274
DA:56,0
FN:56,GovernorCreateProposal.handleRequest
FNDA:0,GovernorCreateProposal.handleRequest
DA:67,8
DA:68,8
DA:71,8
DA:72,8
BRDA:72,0,0,-
DA:75,8
DA:76,8
DA:79,8
BRDA:79,1,0,2
DA:80,6
BRDA:80,2,0,1
DA:81,5
BRDA:81,3,0,-
DA:82,5
BRDA:82,4,0,1
DA:85,4
DA:86,4
DA:87,4
DA:91,4
FNF:3
FNH:2
LF:24
LH:23
BRF:5
BRH:3
end_of_record
TN:
SF:src/laws/executive/GovernorExecuteProposal.sol
DA:34,388
FN:34,GovernorExecuteProposal.constructor
FNDA:388,GovernorExecuteProposal.constructor
DA:35,388
DA:36,388
DA:39,19
FN:39,GovernorExecuteProposal.initializeLaw
FNDA:19,GovernorExecuteProposal.initializeLaw
DA:45,19
DA:46,19
DA:48,19
DA:51,19
DA:52,19
DA:57,0
FN:57,GovernorExecuteProposal.handleRequest
FNDA:0,GovernorExecuteProposal.handleRequest
DA:68,5
DA:69,5
DA:72,5
DA:73,5
BRDA:73,0,0,-
DA:76,5
DA:77,5
DA:80,5
BRDA:80,1,0,1
DA:81,4
BRDA:81,2,0,1
DA:82,3
BRDA:82,3,0,-
DA:83,3
BRDA:83,4,0,1
DA:86,2
DA:91,2
BRDA:91,5,0,-
DA:94,2
DA:95,1
BRDA:95,6,0,-
DA:96,0
DA:100,1
FNF:3
FNH:2
LF:26
LH:24
BRF:7
BRH:3
end_of_record
TN:
SF:src/laws/multi/BespokeActionAdvanced.sol
DA:37,388
FN:37,BespokeActionAdvanced.constructor
FNDA:388,BespokeActionAdvanced.constructor
DA:38,388
DA:39,388
DA:42,285
FN:42,BespokeActionAdvanced.initializeLaw
FNDA:285,BespokeActionAdvanced.initializeLaw
DA:48,285
DA:49,285
DA:50,285
DA:52,285
DA:53,285
DA:55,285
DA:60,1
FN:60,BespokeActionAdvanced.handleRequest
FNDA:1,BespokeActionAdvanced.handleRequest
DA:71,3
DA:72,3
DA:75,3
DA:76,3
DA:77,3
DA:79,3
DA:85,3
FN:85,BespokeActionAdvanced._buildCalldata
FNDA:3,BespokeActionAdvanced._buildCalldata
DA:86,3
DA:90,3
DA:92,3
BRDA:92,0,0,-
DA:93,3
DA:101,3
DA:102,3
DA:104,3
DA:105,3
BRDA:105,1,0,-
DA:106,0
DA:110,3
DA:114,3
DA:115,3
BRDA:115,2,0,3
DA:116,3
DA:120,3
FNF:4
FNH:4
LF:32
LH:31
BRF:3
BRH:1
end_of_record
TN:
SF:src/laws/multi/BespokeActionSimple.sol
DA:34,388
FN:34,BespokeActionSimple.constructor
FNDA:388,BespokeActionSimple.constructor
DA:35,388
DA:36,388
DA:39,285
FN:39,BespokeActionSimple.initializeLaw
FNDA:285,BespokeActionSimple.initializeLaw
DA:45,285
DA:46,285
DA:47,285
DA:49,285
DA:50,285
DA:51,285
DA:53,285
DA:58,0
FN:58,BespokeActionSimple.handleRequest
FNDA:0,BespokeActionSimple.handleRequest
DA:69,3
DA:70,3
DA:73,3
DA:74,3
DA:75,3
DA:77,3
FNF:3
FNH:2
LF:18
LH:17
BRF:0
BRH:0
end_of_record
TN:
SF:src/laws/multi/OpenAction.sol
DA:36,419
FN:36,OpenAction.constructor
FNDA:419,OpenAction.constructor
DA:37,419
DA:40,310
FN:40,OpenAction.initializeLaw
FNDA:310,OpenAction.initializeLaw
DA:47,310
DA:48,310
DA:53,1
FN:53,OpenAction.handleRequest
FNDA:1,OpenAction.handleRequest
DA:64,9
DA:66,9
DA:67,0
FNF:3
FNH:3
LF:9
LH:8
BRF:0
BRH:0
end_of_record
TN:
SF:src/laws/multi/PresetMultipleActions.sol
DA:41,388
FN:41,PresetMultipleActions.constructor
FNDA:388,PresetMultipleActions.constructor
DA:42,388
DA:43,388
DA:46,30
FN:46,PresetMultipleActions.initializeLaw
FNDA:30,PresetMultipleActions.initializeLaw
DA:52,30
DA:57,30
DA:59,30
DA:60,30
DA:62,30
DA:64,30
DA:65,60
DA:68,30
DA:70,30
DA:74,1
FN:74,PresetMultipleActions.handleRequest
FNDA:1,PresetMultipleActions.handleRequest
DA:85,5
DA:86,5
DA:88,5
DA:89,5
DA:90,5
DA:91,5
BRDA:91,0,0,5
DA:92,5
DA:95,5
BRDA:95,1,0,1
DA:96,1
DA:97,1
DA:100,4
DA:101,4
DA:102,4
DA:103,5
BRDA:103,2,0,5
DA:104,5
DA:105,5
DA:106,5
DA:107,5
DA:111,4
DA:114,2
FN:114,PresetMultipleActions.getData
FNDA:2,PresetMultipleActions.getData
DA:115,2
FNF:4
FNH:4
LF:35
LH:35
BRF:3
BRH:3
end_of_record
TN:
SF:src/laws/multi/PresetSingleAction.sol
DA:38,388
FN:38,PresetSingleAction.constructor
FNDA:388,PresetSingleAction.constructor
DA:39,388
DA:40,388
DA:43,635
FN:43,PresetSingleAction.initializeLaw
FNDA:635,PresetSingleAction.initializeLaw
DA:49,635
DA:50,635
DA:52,635
DA:53,635
DA:55,635
DA:59,0
FN:59,PresetSingleAction.handleRequest
FNDA:0,PresetSingleAction.handleRequest
DA:70,5
DA:71,5
DA:73,5
DA:76,2
FN:76,PresetSingleAction.getData
FNDA:2,PresetSingleAction.getData
DA:77,2
FNF:4
FNH:3
LF:15
LH:14
BRF:0
BRH:0
end_of_record
TN:
SF:src/laws/multi/StatementOfIntent.sol
DA:30,388
FN:30,StatementOfIntent.constructor
FNDA:388,StatementOfIntent.constructor
DA:33,388
DA:34,388
DA:37,613
FN:37,StatementOfIntent.initializeLaw
FNDA:613,StatementOfIntent.initializeLaw
DA:44,613
DA:45,613
DA:49,1
FN:49,StatementOfIntent.handleRequest
FNDA:1,StatementOfIntent.handleRequest
DA:60,6
DA:61,6
DA:62,0
FNF:3
FNH:3
LF:10
LH:9
BRF:0
BRH:0
end_of_record
TN:
SF:test/TestConstitutions.sol
DA:53,255
FN:53,TestConstitutions.initiatePowersConstitution
FNDA:255,TestConstitutions.initiatePowersConstitution
DA:60,255
DA:63,255
DA:64,255
DA:65,255
DA:66,255
DA:67,255
DA:72,255
DA:73,255
DA:74,255
DA:75,255
DA:76,255
DA:77,255
DA:79,255
DA:80,255
DA:92,255
DA:94,255
DA:95,255
DA:97,255
DA:98,255
DA:108,255
DA:111,255
DA:112,255
DA:122,255
DA:125,255
DA:126,255
DA:127,255
DA:128,255
DA:130,255
DA:131,255
DA:132,255
DA:133,255
DA:134,255
DA:140,255
DA:142,255
DA:143,255
DA:144,255
DA:150,255
DA:152,255
DA:153,255
DA:154,255
DA:155,255
DA:161,255
DA:165,255
DA:166,255
DA:167,255
DA:168,255
DA:169,765
DA:171,255
DA:172,255
DA:173,255
DA:176,255
DA:177,255
DA:183,255
DA:189,27
FN:189,TestConstitutions.initiateLawTestConstitution
FNDA:27,TestConstitutions.initiateLawTestConstitution
DA:196,54
DA:199,54
DA:200,54
DA:201,54
DA:202,54
DA:203,54
DA:204,54
DA:207,54
DA:208,54
DA:209,54
DA:210,54
DA:212,54
DA:218,54
DA:221,54
DA:222,54
DA:224,54
DA:230,54
DA:233,54
DA:234,54
DA:236,54
DA:242,54
DA:245,54
DA:246,54
DA:247,54
DA:248,54
DA:249,54
DA:251,54
DA:257,54
DA:260,54
DA:261,54
DA:263,54
DA:269,54
DA:273,54
DA:274,54
DA:275,54
DA:276,54
DA:277,162
DA:279,54
DA:280,54
DA:281,54
DA:284,54
DA:285,54
DA:291,54
DA:297,27
FN:297,TestConstitutions.initiateUtilitiesTestConstitution
FNDA:27,TestConstitutions.initiateUtilitiesTestConstitution
DA:305,27
DA:306,27
DA:312,30
FN:312,TestConstitutions.initiateElectoralTestConstitution
FNDA:30,TestConstitutions.initiateElectoralTestConstitution
DA:319,30
DA:322,30
DA:323,30
DA:333,30
DA:336,30
DA:337,30
DA:348,30
DA:351,30
DA:352,30
DA:358,30
DA:361,30
DA:362,30
DA:372,30
DA:375,30
DA:376,30
DA:377,30
DA:378,30
DA:379,30
DA:380,30
DA:382,30
DA:383,30
DA:394,30
DA:397,30
DA:398,30
DA:404,30
DA:407,30
DA:408,30
DA:409,30
DA:410,30
DA:411,30
DA:417,30
DA:419,30
DA:420,30
DA:430,30
DA:433,30
DA:434,30
DA:435,30
DA:436,30
DA:437,30
DA:446,30
DA:450,30
DA:451,30
DA:452,30
DA:453,30
DA:454,90
DA:456,30
DA:457,30
DA:458,30
DA:461,30
DA:462,30
DA:468,30
DA:474,19
FN:474,TestConstitutions.initiateExecutiveTestConstitution
FNDA:19,TestConstitutions.initiateExecutiveTestConstitution
DA:481,19
DA:484,19
DA:485,19
DA:491,19
DA:494,19
DA:495,19
DA:501,19
DA:504,19
DA:505,19
DA:511,19
DA:514,19
DA:515,19
DA:518,19
DA:538,19
DA:539,19
DA:541,19
DA:542,19
DA:548,19
DA:552,19
DA:553,19
DA:554,19
DA:555,19
DA:556,57
DA:558,19
DA:559,19
DA:560,19
DA:563,19
DA:564,19
DA:570,19
DA:576,30
FN:576,TestConstitutions.initiateMultiTestConstitution
FNDA:30,TestConstitutions.initiateMultiTestConstitution
DA:583,30
DA:586,30
DA:587,30
DA:593,30
DA:596,30
DA:597,30
DA:603,30
DA:606,30
DA:607,30
DA:608,30
DA:609,30
DA:619,30
DA:622,30
DA:623,30
DA:624,30
DA:625,30
DA:626,30
DA:627,30
DA:629,30
DA:630,30
DA:642,30
DA:645,30
DA:646,30
DA:647,30
DA:649,30
DA:650,30
DA:651,30
DA:652,30
DA:653,30
DA:654,30
DA:656,30
DA:657,30
DA:663,30
DA:666,30
DA:667,30
DA:668,30
DA:670,30
DA:671,30
DA:677,30
DA:681,30
DA:682,30
DA:683,30
DA:684,30
DA:685,90
DA:687,30
DA:688,30
DA:689,30
DA:692,30
DA:693,30
DA:699,30
FNF:6
FNH:6
LF:234
LH:234
BRF:0
BRH:0
end_of_record
TN:
SF:test/TestSetup.t.sol
DA:169,0
FN:169,TestStandalone.hashProposal
FNDA:0,TestStandalone.hashProposal
DA:175,0
DA:178,0
FN:178,TestStandalone.hashLaw
FNDA:0,TestStandalone.hashLaw
DA:179,0
DA:182,0
FN:182,TestStandalone.distributeERC20VoteTokens
FNDA:0,TestStandalone.distributeERC20VoteTokens
DA:183,0
DA:184,0
DA:185,0
BRDA:185,0,0,-
BRDA:185,0,1,-
DA:186,0
DA:188,0
DA:190,0
DA:191,0
DA:192,0
DA:193,0
DA:194,0
DA:198,0
FN:198,TestStandalone.distributeNFTs
FNDA:0,TestStandalone.distributeNFTs
DA:201,0
DA:202,0
DA:203,0
DA:204,0
BRDA:204,1,0,-
BRDA:204,1,1,-
DA:205,0
DA:207,0
DA:209,0
DA:210,0
BRDA:210,2,0,-
DA:211,0
DA:212,0
DA:217,0
FN:217,TestStandalone.voteOnProposal
FNDA:0,TestStandalone.voteOnProposal
DA:228,0
DA:229,0
DA:231,0
BRDA:231,3,0,-
BRDA:231,3,1,-
DA:232,0
DA:234,0
DA:237,0
BRDA:237,4,0,-
DA:238,0
DA:239,0
BRDA:239,5,0,-
BRDA:239,5,1,-
DA:240,0
DA:241,0
DA:242,0
DA:243,0
BRDA:243,6,0,-
BRDA:243,6,1,-
DA:244,0
DA:245,0
DA:246,0
DA:248,0
DA:249,0
DA:250,0
DA:258,388
FN:258,BaseSetup.setUp
FNDA:388,BaseSetup.setUp
DA:259,388
DA:260,388
DA:264,388
FN:264,BaseSetup.setUpVariables
FNDA:388,BaseSetup.setUpVariables
DA:266,388
DA:267,388
DA:268,388
DA:271,388
DA:272,388
DA:273,388
DA:274,388
DA:275,388
DA:276,388
DA:278,388
DA:281,388
DA:282,388
DA:283,388
DA:284,388
DA:285,388
DA:286,388
DA:287,388
DA:288,388
DA:289,388
DA:290,388
DA:291,388
DA:292,388
DA:293,388
DA:296,388
DA:297,388
DA:298,388
DA:299,388
DA:300,388
DA:301,388
DA:302,388
DA:303,388
DA:304,388
DA:305,388
DA:306,388
DA:307,388
DA:308,388
DA:310,388
DA:313,388
DA:316,388
DA:317,388
DA:318,388
DA:319,388
DA:322,388
DA:323,388
DA:324,388
DA:325,388
DA:326,388
DA:327,388
DA:328,388
DA:329,388
DA:331,388
DA:332,388
DA:333,388
DA:334,388
DA:335,388
DA:336,388
DA:337,388
DA:340,388
DA:349,0
FN:349,TestSetupPowers.setUpVariables
FNDA:0,TestSetupPowers.setUpVariables
DA:350,255
DA:353,255
DA:358,255
DA:363,0
FN:363,TestSetupLaw.setUpVariables
FNDA:0,TestSetupLaw.setUpVariables
DA:364,27
DA:367,27
DA:372,27
DA:377,0
FN:377,TestSetupUtilities.setUpVariables
FNDA:0,TestSetupUtilities.setUpVariables
DA:378,27
DA:381,27
DA:386,27
DA:420,0
FN:420,TestSetupElectoral.setUpVariables
FNDA:0,TestSetupElectoral.setUpVariables
DA:421,30
DA:424,30
DA:429,30
DA:434,0
FN:434,TestSetupExecutive.setUpVariables
FNDA:0,TestSetupExecutive.setUpVariables
DA:435,19
DA:438,19
DA:443,19
DA:448,0
FN:448,TestSetupMulti.setUpVariables
FNDA:0,TestSetupMulti.setUpVariables
DA:449,30
DA:452,30
DA:457,30
FNF:13
FNH:2
LF:131
LH:80
BRF:12
BRH:0
end_of_record
TN:
SF:test/mocks/Donations.sol
DA:45,20
FN:45,Donations.receive
FNDA:20,Donations.receive
DA:46,20
BRDA:46,0,0,2
DA:47,18
BRDA:47,1,0,1
DA:50,17
DA:51,17
DA:52,17
DA:54,17
DA:55,17
BRDA:55,2,0,-
DA:58,17
DA:60,17
DA:66,26
FN:66,Donations.setWhitelistedToken
FNDA:26,Donations.setWhitelistedToken
DA:67,25
DA:68,25
DA:74,14
FN:74,Donations.donateToken
FNDA:14,Donations.donateToken
DA:75,14
BRDA:75,3,0,1
DA:76,13
BRDA:76,4,0,1
DA:77,12
BRDA:77,5,0,1
DA:80,11
DA:83,11
DA:91,28
FN:91,Donations._recordDonation
FNDA:28,Donations._recordDonation
DA:92,28
DA:99,28
DA:100,28
DA:102,28
DA:107,1
FN:107,Donations.getAllDonations
FNDA:1,Donations.getAllDonations
DA:108,1
DA:114,10
FN:114,Donations.getDonorDonations
FNDA:10,Donations.getDonorDonations
DA:115,10
DA:121,5
FN:121,Donations.getDonation
FNDA:5,Donations.getDonation
DA:122,5
BRDA:122,6,0,2
DA:123,3
DA:128,7
FN:128,Donations.getTotalDonations
FNDA:7,Donations.getTotalDonations
DA:129,7
DA:136,5
FN:136,Donations.getDonationsRange
FNDA:5,Donations.getDonationsRange
DA:141,5
BRDA:141,7,0,1
DA:142,4
BRDA:142,8,0,2
DA:143,2
BRDA:143,9,0,1
DA:145,1
DA:146,1
DA:147,3
DA:149,1
DA:155,5
FN:155,Donations.getTotalDonatedForToken
FNDA:5,Donations.getTotalDonatedForToken
DA:156,5
DA:157,5
DA:158,20
BRDA:158,10,0,8
DA:159,8
DA:162,5
DA:168,3
FN:168,Donations.isTokenWhitelisted
FNDA:3,Donations.isTokenWhitelisted
DA:169,3
DA:174,3
FN:174,Donations.emergencyWithdraw
FNDA:3,Donations.emergencyWithdraw
DA:175,2
BRDA:175,11,0,1
BRDA:175,11,1,1
DA:177,1
DA:178,1
BRDA:178,12,0,1
DA:179,1
DA:180,1
BRDA:180,13,0,-
DA:184,1
DA:185,1
BRDA:185,14,0,1
DA:186,1
FNF:12
FNH:12
LF:58
LH:58
BRF:16
BRH:14
end_of_record
TN:
SF:test/mocks/Erc20DelegateElection.sol
DA:20,388
FN:20,Erc20DelegateElection.constructor
FNDA:388,Erc20DelegateElection.constructor
DA:21,388
BRDA:21,0,0,-
DA:22,388
DA:26,4
FN:26,Erc20DelegateElection.getNomineeRanking
FNDA:4,Erc20DelegateElection.getNomineeRanking
DA:27,4
DA:28,4
DA:30,3
DA:31,3
DA:34,3
DA:35,6
DA:36,6
DA:40,3
DA:41,3
DA:42,4
BRDA:42,2,0,1
DA:44,1
DA:45,1
DA:46,1
DA:48,1
DA:49,1
DA:50,1
DA:55,3
FNF:2
FNH:2
LF:21
LH:21
BRF:2
BRH:1
end_of_record
TN:
SF:test/mocks/Erc20Taxed.sol
DA:23,388
FN:23,Erc20Taxed.constructor
FNDA:388,Erc20Taxed.constructor
DA:25,388
DA:26,388
DA:27,388
DA:28,388
DA:31,3
FN:31,Erc20Taxed.mint
FNDA:3,Erc20Taxed.mint
DA:32,2
BRDA:32,0,0,1
DA:33,1
DA:35,1
DA:38,3
FN:38,Erc20Taxed.burn
FNDA:3,Erc20Taxed.burn
DA:39,2
BRDA:39,1,0,1
DA:40,1
DA:42,1
DA:46,7
FN:46,Erc20Taxed.faucet
FNDA:7,Erc20Taxed.faucet
DA:47,1
BRDA:47,2,0,1
DA:48,1
DA:50,6
DA:53,4
FN:53,Erc20Taxed.pauseFaucet
FNDA:4,Erc20Taxed.pauseFaucet
DA:54,3
DA:57,3
FN:57,Erc20Taxed.changeTaxRate
FNDA:3,Erc20Taxed.changeTaxRate
DA:58,2
BRDA:58,3,0,1
DA:59,1
DA:61,1
DA:65,407
FN:65,Erc20Taxed._update
FNDA:407,Erc20Taxed._update
DA:69,407
BRDA:69,4,0,5
DA:70,5
DA:71,5
DA:73,5
BRDA:73,5,0,1
DA:74,1
DA:78,4
DA:81,4
DA:82,4
DA:86,406
DA:93,3
FN:93,Erc20Taxed.getTaxLogs
FNDA:3,Erc20Taxed.getTaxLogs
DA:94,3
DA:95,3
FNF:8
FNH:8
LF:36
LH:36
BRF:6
BRH:6
end_of_record
TN:
SF:test/mocks/FlagActions.sol
DA:60,23
FN:60,FlagActions.flag
FNDA:23,FlagActions.flag
DA:61,1
BRDA:61,0,0,1
DA:63,21
DA:66,21
DA:67,21
DA:68,21
DA:69,21
DA:72,21
DA:84,21
DA:85,21
DA:86,21
DA:87,21
DA:89,21
DA:94,5
FN:94,FlagActions.unflag
FNDA:5,FlagActions.unflag
DA:95,4
BRDA:95,1,0,1
DA:98,3
DA:99,3
BRDA:99,2,0,-
DA:101,3
DA:104,3
DA:105,3
DA:106,3
DA:107,3
DA:110,3
DA:113,3
DA:115,3
DA:121,12
FN:121,FlagActions._removeFromArrayByIndex
FNDA:12,FlagActions._removeFromArrayByIndex
DA:122,12
BRDA:122,3,0,-
BRDA:122,3,1,12
DA:125,12
BRDA:125,4,0,10
DA:126,10
DA:127,10
DA:131,2
DA:132,2
DA:133,2
DA:141,3
FN:141,FlagActions._updateIndicesAfterRemoval
FNDA:3,FlagActions._updateIndicesAfterRemoval
DA:146,3
BRDA:146,5,0,2
DA:147,2
DA:148,2
BRDA:148,6,0,2
DA:149,2
DA:154,3
BRDA:154,7,0,-
DA:155,0
DA:156,0
BRDA:156,8,0,-
DA:157,0
DA:162,3
BRDA:162,9,0,-
DA:163,0
DA:164,0
BRDA:164,10,0,-
DA:165,0
DA:170,3
BRDA:170,11,0,-
DA:171,0
DA:172,0
BRDA:172,12,0,-
DA:173,0
DA:179,14
FN:179,FlagActions.isActionIdFlagged
FNDA:14,FlagActions.isActionIdFlagged
DA:180,14
DA:186,5
FN:186,FlagActions.getFlaggedActionsByRole
FNDA:5,FlagActions.getFlaggedActionsByRole
DA:187,5
DA:193,1
FN:193,FlagActions.getFlaggedActionsByAccount
FNDA:1,FlagActions.getFlaggedActionsByAccount
DA:194,1
DA:200,1
FN:200,FlagActions.getFlaggedActionsByLaw
FNDA:1,FlagActions.getFlaggedActionsByLaw
DA:201,1
DA:206,2
FN:206,FlagActions.getAllFlaggedActions
FNDA:2,FlagActions.getAllFlaggedActions
DA:207,2
DA:213,5
FN:213,FlagActions.getFlaggedActionsCountByRole
FNDA:5,FlagActions.getFlaggedActionsCountByRole
DA:214,5
DA:220,5
FN:220,FlagActions.getFlaggedActionsCountByAccount
FNDA:5,FlagActions.getFlaggedActionsCountByAccount
DA:221,5
DA:227,5
FN:227,FlagActions.getFlaggedActionsCountByLaw
FNDA:5,FlagActions.getFlaggedActionsCountByLaw
DA:228,5
DA:233,3
FN:233,FlagActions.getTotalFlaggedActionsCount
FNDA:3,FlagActions.getTotalFlaggedActionsCount
DA:234,3
DA:241,5
FN:241,FlagActions.isActionFlaggedForRole
FNDA:5,FlagActions.isActionFlaggedForRole
DA:242,5
DA:243,5
DA:244,2
BRDA:244,13,0,2
DA:245,2
DA:248,3
DA:255,5
FN:255,FlagActions.isActionFlaggedForAccount
FNDA:5,FlagActions.isActionFlaggedForAccount
DA:256,5
DA:257,5
DA:258,2
BRDA:258,14,0,2
DA:259,2
DA:262,3
DA:269,5
FN:269,FlagActions.isActionFlaggedForLaw
FNDA:5,FlagActions.isActionFlaggedForLaw
DA:270,5
DA:271,5
DA:272,2
BRDA:272,15,0,2
DA:273,2
DA:276,3
FNF:16
FNH:16
LF:86
LH:77
BRF:17
BRH:9
end_of_record
TN:
SF:test/mocks/Grant.sol
DA:59,20
FN:59,Grant.updateNativeBudget
FNDA:20,Grant.updateNativeBudget
DA:60,19
DA:61,19
DA:64,12
FN:64,Grant.updateTokenBudget
FNDA:12,Grant.updateTokenBudget
DA:65,11
BRDA:65,0,0,1
DA:66,10
DA:67,10
DA:70,1
FN:70,Grant.getNativeBudget
FNDA:1,Grant.getNativeBudget
DA:71,1
DA:74,1
FN:74,Grant.getTokenBudget
FNDA:1,Grant.getTokenBudget
DA:75,1
DA:78,1
FN:78,Grant.getRemainingNativeBudget
FNDA:1,Grant.getRemainingNativeBudget
DA:79,1
DA:82,1
FN:82,Grant.getRemainingTokenBudget
FNDA:1,Grant.getRemainingTokenBudget
DA:83,1
DA:88,12
FN:88,Grant.whitelistToken
FNDA:12,Grant.whitelistToken
DA:89,11
BRDA:89,1,0,1
DA:90,10
DA:91,10
DA:94,2
FN:94,Grant.dewhitelistToken
FNDA:2,Grant.dewhitelistToken
DA:95,1
DA:96,1
DA:99,2
FN:99,Grant.isTokenWhitelisted
FNDA:2,Grant.isTokenWhitelisted
DA:100,2
DA:105,21
FN:105,Grant.submitProposal
FNDA:21,Grant.submitProposal
DA:111,20
BRDA:111,2,0,1
DA:112,19
BRDA:112,3,0,1
DA:113,18
BRDA:113,4,0,-
DA:116,18
DA:117,26
BRDA:117,5,0,1
DA:118,1
DA:122,17
DA:124,17
DA:136,17
DA:137,25
DA:145,17
DA:148,16
FN:148,Grant.approveProposal
FNDA:16,Grant.approveProposal
DA:149,15
DA:150,15
BRDA:150,6,0,1
DA:151,14
BRDA:151,7,0,1
DA:154,13
DA:156,9
DA:157,9
DA:160,2
FN:160,Grant.rejectProposal
FNDA:2,Grant.rejectProposal
DA:161,1
DA:162,1
BRDA:162,8,0,-
DA:163,1
BRDA:163,9,0,-
DA:165,1
DA:166,1
DA:171,6
FN:171,Grant.releaseMilestone
FNDA:6,Grant.releaseMilestone
DA:172,5
DA:173,5
BRDA:173,10,0,-
DA:174,5
BRDA:174,11,0,1
DA:176,4
DA:178,4
BRDA:178,12,0,-
DA:179,0
BRDA:179,13,0,-
DA:180,4
BRDA:180,14,0,1
DA:182,3
DA:184,2
DA:185,2
DA:190,1
FN:190,Grant.getProposal
FNDA:1,Grant.getProposal
DA:191,1
DA:194,1
FN:194,Grant.getMilestone
FNDA:1,Grant.getMilestone
DA:195,1
DA:198,1
FN:198,Grant.getProposalMilestones
FNDA:1,Grant.getProposalMilestones
DA:199,1
DA:200,1
BRDA:200,15,0,-
DA:202,1
DA:203,1
DA:204,2
DA:206,1
DA:209,4
FN:209,Grant.isProposalApproved
FNDA:4,Grant.isProposalApproved
DA:210,4
DA:213,2
FN:213,Grant.isProposalRejected
FNDA:2,Grant.isProposalRejected
DA:214,2
DA:217,1
FN:217,Grant.getTotalSpentNative
FNDA:1,Grant.getTotalSpentNative
DA:218,1
DA:221,0
FN:221,Grant.getTotalSpentToken
FNDA:0,Grant.getTotalSpentToken
DA:222,0
DA:225,1
FN:225,Grant.getProposalCount
FNDA:1,Grant.getProposalCount
DA:226,1
DA:231,2
FN:231,Grant.canReleaseMilestone
FNDA:2,Grant.canReleaseMilestone
DA:232,2
DA:233,2
DA:234,2
DA:236,2
DA:237,2
DA:239,2
DA:242,1
BRDA:242,21,0,1
BRDA:242,21,1,-
DA:243,1
DA:245,0
DA:249,1
FN:249,Grant.getBudgetStatus
FNDA:1,Grant.getBudgetStatus
DA:258,1
DA:259,1
DA:260,1
DA:264,1
DA:267,13
FN:267,Grant._checkProposalBudgetConstraints
FNDA:13,Grant._checkProposalBudgetConstraints
DA:268,13
DA:271,13
DA:274,13
DA:275,19
DA:277,19
BRDA:277,22,0,14
DA:279,14
DA:284,13
BRDA:284,23,0,11
DA:285,11
BRDA:285,24,0,2
DA:286,2
DA:291,11
DA:292,15
DA:294,15
BRDA:294,25,0,4
DA:296,4
DA:297,4
DA:298,9
DA:299,9
BRDA:299,26,0,5
DA:300,5
DA:305,4
BRDA:305,27,0,2
DA:306,2
DA:312,3
FN:312,Grant._checkBudgetConstraints
FNDA:3,Grant._checkBudgetConstraints
DA:313,3
DA:315,3
BRDA:315,28,0,3
BRDA:315,28,1,-
DA:317,3
BRDA:317,29,0,1
DA:318,1
DA:320,2
DA:323,0
BRDA:323,30,0,-
DA:324,0
DA:326,0
FNF:25
FNH:24
LF:125
LH:118
BRF:28
BRH:18
end_of_record
TN:
SF:test/mocks/LawMocks.sol
DA:8,0
FN:8,EmptyTargetsLaw.handleRequest
FNDA:0,EmptyTargetsLaw.handleRequest
DA:20,0
DA:21,0
DA:22,0
DA:23,0
DA:29,0
FN:29,MockTargetsLaw.handleRequest
FNDA:0,MockTargetsLaw.handleRequest
DA:41,0
DA:42,0
DA:43,0
DA:44,0
DA:46,0
DA:47,0
DA:48,0
DA:50,0
DA:51,0
DA:52,0
FNF:2
FNH:0
LF:16
LH:0
BRF:0
BRH:0
end_of_record
TN:
SF:test/mocks/Nominees.sol
DA:29,82
FN:29,Nominees.nominate
FNDA:82,Nominees.nominate
DA:30,65
BRDA:30,0,0,65
BRDA:30,0,1,11
DA:31,65
BRDA:31,1,0,3
DA:32,62
DA:33,62
DA:35,62
DA:37,62
DA:39,14
BRDA:39,2,0,3
DA:40,11
DA:42,11
DA:43,11
DA:44,14
BRDA:44,3,0,11
DA:45,11
DA:46,11
DA:47,11
DA:51,11
DA:53,11
DA:59,73
FN:59,Nominees.getNominees
FNDA:73,Nominees.getNominees
DA:60,73
DA:63,24
FN:63,Nominees.isNominee
FNDA:24,Nominees.isNominee
DA:64,24
FNF:3
FNH:3
LF:21
LH:21
BRF:5
BRH:5
end_of_record
TN:
SF:test/mocks/OpenElection.sol
DA:41,32
FN:41,OpenElection.nominate
FNDA:32,OpenElection.nominate
DA:42,1
BRDA:42,0,0,1
DA:43,30
DA:48,16
FN:48,OpenElection.vote
FNDA:16,OpenElection.vote
DA:49,15
BRDA:49,1,0,1
DA:50,14
BRDA:50,2,0,1
DA:51,1
BRDA:51,3,0,1
DA:53,12
DA:54,12
BRDA:54,4,0,1
DA:56,11
DA:59,11
DA:60,12
BRDA:60,5,0,12
DA:61,12
DA:62,12
DA:63,12
DA:70,26
FN:70,OpenElection.openElection
FNDA:26,OpenElection.openElection
DA:71,1
BRDA:71,6,0,1
DA:72,24
BRDA:72,7,0,1
DA:75,23
DA:78,23
DA:79,23
DA:80,19
DA:83,23
DA:90,23
DA:93,4
FN:93,OpenElection.closeElection
FNDA:4,OpenElection.closeElection
DA:94,3
BRDA:94,8,0,1
DA:95,2
BRDA:95,9,0,1
DA:97,1
DA:98,1
DA:102,7
FN:102,OpenElection.isElectionOpen
FNDA:7,OpenElection.isElectionOpen
DA:103,7
DA:106,4
FN:106,OpenElection.getElectionInfo
FNDA:4,OpenElection.getElectionInfo
DA:107,4
DA:110,1
FN:110,OpenElection.getNomineesForElection
FNDA:1,OpenElection.getNomineesForElection
DA:111,1
DA:114,8
FN:114,OpenElection.getVoteCount
FNDA:8,OpenElection.getVoteCount
DA:115,8
DA:118,6
FN:118,OpenElection.hasUserVoted
FNDA:6,OpenElection.hasUserVoted
DA:119,6
DA:122,4
FN:122,OpenElection.getNomineeRanking
FNDA:4,OpenElection.getNomineeRanking
DA:123,4
BRDA:123,10,0,1
DA:124,1
DA:127,3
DA:130,0
FN:130,OpenElection.getRankingAnyTime
FNDA:0,OpenElection.getRankingAnyTime
DA:131,3
DA:132,3
DA:133,3
DA:135,3
DA:136,3
DA:139,3
DA:140,6
DA:141,6
DA:145,3
DA:146,3
DA:147,4
BRDA:147,12,0,-
DA:149,0
DA:150,0
DA:151,0
DA:154,0
DA:155,0
DA:156,0
DA:161,3
FNF:11
FNH:10
LF:62
LH:55
BRF:12
BRH:11
end_of_record
TN:
SF:test/mocks/SimpleErc1155.sol
DA:25,17
FN:25,SimpleErc1155.mintCoins
FNDA:17,SimpleErc1155.mintCoins
DA:26,17
BRDA:26,0,0,2
DA:27,2
DA:29,15
BRDA:29,1,0,1
DA:30,1
DA:32,14
FNF:1
FNH:1
LF:6
LH:6
BRF:2
BRH:2
end_of_record
TN:
SF:test/mocks/SimpleErc20Votes.sol
DA:17,23
FN:17,SimpleErc20Votes.mintVotes
FNDA:23,SimpleErc20Votes.mintVotes
DA:18,23
BRDA:18,0,0,1
DA:19,1
DA:21,22
BRDA:21,1,0,1
DA:22,1
DA:24,21
FNF:1
FNH:1
LF:6
LH:6
BRF:2
BRH:2
end_of_record
TN:
SF:test/mocks/SimpleGovernor.sol
DA:32,2
FN:32,SimpleGovernor.proposalThreshold
FNDA:2,SimpleGovernor.proposalThreshold
DA:33,9
FNF:1
FNH:1
LF:2
LH:2
BRF:0
BRH:0
end_of_record
TN:
SF:test/mocks/SoulboundErc721.sol
DA:16,16
FN:16,SoulboundErc721.mintNFT
FNDA:16,SoulboundErc721.mintNFT
DA:17,15
BRDA:17,0,0,1
DA:18,1
DA:20,14
DA:23,3
FN:23,SoulboundErc721.burnNFT
FNDA:3,SoulboundErc721.burnNFT
DA:24,2
BRDA:24,1,0,1
DA:25,1
DA:27,1
DA:30,2
FN:30,SoulboundErc721._approve
FNDA:2,SoulboundErc721._approve
DA:31,2
BRDA:31,2,0,1
DA:32,1
DA:34,1
DA:37,1
FN:37,SoulboundErc721._setApprovalForAll
FNDA:1,SoulboundErc721._setApprovalForAll
DA:38,1
BRDA:38,3,0,1
DA:39,1
DA:41,0
DA:44,16
FN:44,SoulboundErc721._update
FNDA:16,SoulboundErc721._update
DA:45,16
DA:48,16
BRDA:48,4,0,1
DA:49,1
DA:52,15
FNF:5
FNH:5
LF:21
LH:20
BRF:5
BRH:5
end_of_record
